Release 14.7 - xst P.20131013 (lin64)
Copyright (c) 1995-2013 Xilinx, Inc.  All rights reserved.
--> 

TABLE OF CONTENTS
  1) Synthesis Options Summary
  2) HDL Parsing
  3) HDL Elaboration
  4) HDL Synthesis
       4.1) HDL Synthesis Report
  5) Advanced HDL Synthesis
       5.1) Advanced HDL Synthesis Report
  6) Low Level Synthesis
  7) Partition Report
  8) Design Summary
       8.1) Primitive and Black Box Usage
       8.2) Device utilization summary
       8.3) Partition Resource Summary
       8.4) Timing Report
            8.4.1) Clock Information
            8.4.2) Asynchronous Control Signals Information
            8.4.3) Timing Summary
            8.4.4) Timing Details
            8.4.5) Cross Clock Domains Report


=========================================================================
*                      Synthesis Options Summary                        *
=========================================================================
---- Source Parameters
Input File Name                    : "project.src"
Input Format                       : mixed

---- Target Parameters
Target Device                      : XC7A100T-1CSG324
Output File Name                   : "project.ngc"
Output Format                      : NGC

---- Source Options
Top Module Name                    : fifo

---- General Options
Optimization Goal                  : Area
Optimization Effort                : 1
RTL Output                         : yes

=========================================================================


=========================================================================
*                          HDL Parsing                                  *
=========================================================================
Analyzing Verilog file "/home/lisseth/FPGA-Game-D1/HW/RTL/06PCM-AUDIO-MICROFONO/Version_01/02 verilog/Fifo/fifo8bits/fifo.v" into library work
Parsing module <fifo>.

=========================================================================
*                            HDL Elaboration                            *
=========================================================================

Elaborating module <fifo>.
WARNING:HDLCompiler:413 - "/home/lisseth/FPGA-Game-D1/HW/RTL/06PCM-AUDIO-MICROFONO/Version_01/02 verilog/Fifo/fifo8bits/fifo.v" Line 47: Result of 32-bit expression is truncated to fit in 2-bit target.
WARNING:HDLCompiler:413 - "/home/lisseth/FPGA-Game-D1/HW/RTL/06PCM-AUDIO-MICROFONO/Version_01/02 verilog/Fifo/fifo8bits/fifo.v" Line 69: Result of 32-bit expression is truncated to fit in 2-bit target.
WARNING:HDLCompiler:91 - "/home/lisseth/FPGA-Game-D1/HW/RTL/06PCM-AUDIO-MICROFONO/Version_01/02 verilog/Fifo/fifo8bits/fifo.v" Line 122: Signal <wr_reg> missing in the sensitivity list is added for synthesis purposes. HDL and post-synthesis simulations may differ as a result.
WARNING:HDLCompiler:413 - "/home/lisseth/FPGA-Game-D1/HW/RTL/06PCM-AUDIO-MICROFONO/Version_01/02 verilog/Fifo/fifo8bits/fifo.v" Line 122: Result of 11-bit expression is truncated to fit in 10-bit target.
WARNING:HDLCompiler:91 - "/home/lisseth/FPGA-Game-D1/HW/RTL/06PCM-AUDIO-MICROFONO/Version_01/02 verilog/Fifo/fifo8bits/fifo.v" Line 123: Signal <rd_reg> missing in the sensitivity list is added for synthesis purposes. HDL and post-synthesis simulations may differ as a result.
WARNING:HDLCompiler:413 - "/home/lisseth/FPGA-Game-D1/HW/RTL/06PCM-AUDIO-MICROFONO/Version_01/02 verilog/Fifo/fifo8bits/fifo.v" Line 123: Result of 11-bit expression is truncated to fit in 10-bit target.
WARNING:HDLCompiler:91 - "/home/lisseth/FPGA-Game-D1/HW/RTL/06PCM-AUDIO-MICROFONO/Version_01/02 verilog/Fifo/fifo8bits/fifo.v" Line 124: Signal <wr_reg> missing in the sensitivity list is added for synthesis purposes. HDL and post-synthesis simulations may differ as a result.
WARNING:HDLCompiler:91 - "/home/lisseth/FPGA-Game-D1/HW/RTL/06PCM-AUDIO-MICROFONO/Version_01/02 verilog/Fifo/fifo8bits/fifo.v" Line 125: Signal <rd_reg> missing in the sensitivity list is added for synthesis purposes. HDL and post-synthesis simulations may differ as a result.
WARNING:HDLCompiler:91 - "/home/lisseth/FPGA-Game-D1/HW/RTL/06PCM-AUDIO-MICROFONO/Version_01/02 verilog/Fifo/fifo8bits/fifo.v" Line 126: Signal <full_reg> missing in the sensitivity list is added for synthesis purposes. HDL and post-synthesis simulations may differ as a result.
WARNING:HDLCompiler:91 - "/home/lisseth/FPGA-Game-D1/HW/RTL/06PCM-AUDIO-MICROFONO/Version_01/02 verilog/Fifo/fifo8bits/fifo.v" Line 127: Signal <empty_reg> missing in the sensitivity list is added for synthesis purposes. HDL and post-synthesis simulations may differ as a result.
WARNING:HDLCompiler:91 - "/home/lisseth/FPGA-Game-D1/HW/RTL/06PCM-AUDIO-MICROFONO/Version_01/02 verilog/Fifo/fifo8bits/fifo.v" Line 129: Signal <db_wr> missing in the sensitivity list is added for synthesis purposes. HDL and post-synthesis simulations may differ as a result.
WARNING:HDLCompiler:91 - "/home/lisseth/FPGA-Game-D1/HW/RTL/06PCM-AUDIO-MICROFONO/Version_01/02 verilog/Fifo/fifo8bits/fifo.v" Line 134: Signal <empty> missing in the sensitivity list is added for synthesis purposes. HDL and post-synthesis simulations may differ as a result.
WARNING:HDLCompiler:91 - "/home/lisseth/FPGA-Game-D1/HW/RTL/06PCM-AUDIO-MICROFONO/Version_01/02 verilog/Fifo/fifo8bits/fifo.v" Line 138: Signal <wr_reg> missing in the sensitivity list is added for synthesis purposes. HDL and post-synthesis simulations may differ as a result.
WARNING:HDLCompiler:91 - "/home/lisseth/FPGA-Game-D1/HW/RTL/06PCM-AUDIO-MICROFONO/Version_01/02 verilog/Fifo/fifo8bits/fifo.v" Line 145: Signal <full> missing in the sensitivity list is added for synthesis purposes. HDL and post-synthesis simulations may differ as a result.

=========================================================================
*                           HDL Synthesis                               *
=========================================================================

Synthesizing Unit <fifo>.
    Related source file is "/home/lisseth/FPGA-Game-D1/HW/RTL/06PCM-AUDIO-MICROFONO/Version_01/02 verilog/Fifo/fifo8bits/fifo.v".
        abits = 10
        dbits = 8
    Found 1024x8-bit dual-port RAM <Mram_regarray> for signal <regarray>.
    Found 1-bit register for signal <empty>.
    Found 10-bit register for signal <wr_reg>.
    Found 10-bit register for signal <rd_reg>.
    Found 1-bit register for signal <full>.
    Found 1-bit register for signal <ledres>.
    Found 2-bit register for signal <count>.
    Found 1-bit register for signal <dffr1>.
    Found 2-bit register for signal <count1>.
    Found 8-bit register for signal <dout>.
    Found 1-bit register for signal <dffw1>.
    Found 10-bit adder for signal <wr_succ> created at line 122.
    Found 10-bit adder for signal <rd_succ> created at line 123.
    Found 2-bit subtractor for signal <GND_1_o_GND_1_o_sub_3_OUT<1:0>> created at line 47.
    Found 2-bit subtractor for signal <GND_1_o_GND_1_o_sub_9_OUT<1:0>> created at line 69.
    Found 10-bit comparator not equal for signal <rd_reg[9]_wr_reg[9]_equal_23_o> created at line 138
    Summary:
	inferred   1 RAM(s).
	inferred   4 Adder/Subtractor(s).
	inferred  37 D-type flip-flop(s).
	inferred   1 Comparator(s).
Unit <fifo> synthesized.

=========================================================================
HDL Synthesis Report

Macro Statistics
# RAMs                                                 : 1
 1024x8-bit dual-port RAM                              : 1
# Adders/Subtractors                                   : 4
 10-bit adder                                          : 2
 2-bit subtractor                                      : 2
# Registers                                            : 10
 1-bit register                                        : 5
 10-bit register                                       : 2
 2-bit register                                        : 2
 8-bit register                                        : 1
# Comparators                                          : 1
 10-bit comparator not equal                           : 1

=========================================================================

=========================================================================
*                       Advanced HDL Synthesis                          *
=========================================================================


Synthesizing (advanced) Unit <fifo>.
The following registers are absorbed into counter <wr_reg>: 1 register on signal <wr_reg>.
The following registers are absorbed into counter <rd_reg>: 1 register on signal <rd_reg>.
The following registers are absorbed into counter <count>: 1 register on signal <count>.
The following registers are absorbed into counter <count1>: 1 register on signal <count1>.
INFO:Xst:3226 - The RAM <Mram_regarray> will be implemented as a BLOCK RAM, absorbing the following register(s): <out>
    -----------------------------------------------------------------------
    | ram_type           | Block                               |          |
    -----------------------------------------------------------------------
    | Port A                                                              |
    |     aspect ratio   | 1024-word x 8-bit                   |          |
    |     mode           | read-first                          |          |
    |     clkA           | connected to signal <clock>         | rise     |
    |     weA            | connected to signal <wr_en>         | high     |
    |     addrA          | connected to signal <wr_reg>        |          |
    |     diA            | connected to signal <din>           |          |
    -----------------------------------------------------------------------
    | optimization       | area                                |          |
    -----------------------------------------------------------------------
    | Port B                                                              |
    |     aspect ratio   | 1024-word x 8-bit                   |          |
    |     mode           | write-first                         |          |
    |     clkB           | connected to signal <clock>         | rise     |
    |     enB            | connected to signal <dffr1>         | high     |
    |     addrB          | connected to signal <rd_reg>        |          |
    |     doB            | connected to signal <dout>          |          |
    -----------------------------------------------------------------------
    | optimization       | area                                |          |
    -----------------------------------------------------------------------
Unit <fifo> synthesized (advanced).

=========================================================================
Advanced HDL Synthesis Report

Macro Statistics
# RAMs                                                 : 1
 1024x8-bit dual-port block RAM                        : 1
# Adders/Subtractors                                   : 2
 10-bit adder                                          : 2
# Counters                                             : 4
 10-bit up counter                                     : 2
 2-bit down counter                                    : 2
# Registers                                            : 5
 Flip-Flops                                            : 5
# Comparators                                          : 1
 10-bit comparator not equal                           : 1

=========================================================================

=========================================================================
*                         Low Level Synthesis                           *
=========================================================================

Optimizing unit <fifo> ...
WARNING:Xst:1710 - FF/Latch <count_1> (without init value) has a constant value of 0 in block <fifo>. This FF/Latch will be trimmed during the optimization process.
WARNING:Xst:1895 - Due to other FF/Latch trimming, FF/Latch <count1_1> (without init value) has a constant value of 0 in block <fifo>. This FF/Latch will be trimmed during the optimization process.

Mapping all equations...
Building and optimizing final netlist ...
Found area constraint ratio of 100 (+ 0) on block fifo, actual ratio is 0.
FlipFlop empty_reg has been replicated 1 time(s) to handle iob=true attribute.
FlipFlop full_reg has been replicated 1 time(s) to handle iob=true attribute.

Final Macro Processing ...

=========================================================================
Final Register Report

Macro Statistics
# Registers                                            : 29
 Flip-Flops                                            : 29

=========================================================================

=========================================================================
*                           Partition Report                            *
=========================================================================

Partition Implementation Status
-------------------------------

  No Partitions were found in this design.

-------------------------------

=========================================================================
*                            Design Summary                             *
=========================================================================

Top Level Output File Name         : project.ngc

Primitive and Black Box Usage:
------------------------------
# BELS                             : 140
#      GND                         : 1
#      INV                         : 6
#      LUT1                        : 36
#      LUT2                        : 5
#      LUT3                        : 7
#      LUT4                        : 2
#      LUT5                        : 2
#      LUT6                        : 4
#      MUXCY                       : 36
#      VCC                         : 1
#      XORCY                       : 40
# FlipFlops/Latches                : 29
#      FDC                         : 1
#      FDCE                        : 22
#      FDP                         : 2
#      FDR                         : 2
#      FDSE                        : 2
# RAMS                             : 1
#      RAMB18E1                    : 1
# Clock Buffers                    : 1
#      BUFGP                       : 1
# IO Buffers                       : 22
#      IBUF                        : 11
#      OBUF                        : 11

Device utilization summary:
---------------------------

Selected Device : 7a100tcsg324-1 


Slice Logic Utilization: 
 Number of Slice Registers:              26  out of  126800     0%  
 Number of Slice LUTs:                   62  out of  63400     0%  
    Number used as Logic:                62  out of  63400     0%  

Slice Logic Distribution: 
 Number of LUT Flip Flop pairs used:     62
   Number with an unused Flip Flop:      36  out of     62    58%  
   Number with an unused LUT:             0  out of     62     0%  
   Number of fully used LUT-FF pairs:    26  out of     62    41%  
   Number of unique control sets:         8

IO Utilization: 
 Number of IOs:                          23
 Number of bonded IOBs:                  23  out of    210    10%  
    IOB Flip Flops/Latches:               3

Specific Feature Utilization:
 Number of Block RAM/FIFO:                1  out of    135     0%  
    Number using Block RAM only:          1
 Number of BUFG/BUFGCTRLs:                1  out of     32     3%  

---------------------------
Partition Resource Summary:
---------------------------

  No Partitions were found in this design.

---------------------------


=========================================================================
Timing Report

NOTE: THESE TIMING NUMBERS ARE ONLY A SYNTHESIS ESTIMATE.
      FOR ACCURATE TIMING INFORMATION PLEASE REFER TO THE TRACE REPORT
      GENERATED AFTER PLACE-and-ROUTE.

Clock Information:
------------------
-----------------------------------+------------------------+-------+
Clock Signal                       | Clock buffer(FF name)  | Load  |
-----------------------------------+------------------------+-------+
clock                              | BUFGP                  | 30    |
-----------------------------------+------------------------+-------+

Asynchronous Control Signals Information:
----------------------------------------
-----------------------------------+------------------------+-------+
Control Signal                     | Buffer(FF name)        | Load  |
-----------------------------------+------------------------+-------+
wr_en(wr_en1:O)                    | NONE(Mram_regarray)    | 2     |
-----------------------------------+------------------------+-------+

Timing Summary:
---------------
Speed Grade: -1

   Minimum period: 4.409ns (Maximum Frequency: 226.809MHz)
   Minimum input arrival time before clock: 1.767ns
   Maximum output required time after clock: 2.853ns
   Maximum combinational path delay: No path found

Timing Details:
---------------
All values displayed in nanoseconds (ns)

=========================================================================
Timing constraint: Default period analysis for Clock 'clock'
  Clock period: 4.409ns (frequency: 226.809MHz)
  Total number of paths / destination ports: 471 / 75
-------------------------------------------------------------------------
Delay:               4.409ns (Levels of Logic = 9)
  Source:            wr_reg_0 (FF)
  Destination:       full_reg (FF)
  Source Clock:      clock rising
  Destination Clock: clock rising

  Data Path: wr_reg_0 to full_reg
                                Gate     Net
    Cell:in->out      fanout   Delay   Delay  Logical Name (Net Name)
    ----------------------------------------  ------------
     FDCE:C->Q             4   0.478   0.419  wr_reg_0 (wr_reg_0)
     INV:I->O              1   0.146   0.000  Madd_wr_succ_lut<0>_INV_0 (Madd_wr_succ_lut<0>)
     MUXCY:S->O            1   0.472   0.000  Madd_wr_succ_cy<0> (Madd_wr_succ_cy<0>)
     MUXCY:CI->O           1   0.029   0.000  Madd_wr_succ_cy<1> (Madd_wr_succ_cy<1>)
     MUXCY:CI->O           1   0.029   0.000  Madd_wr_succ_cy<2> (Madd_wr_succ_cy<2>)
     MUXCY:CI->O           1   0.029   0.000  Madd_wr_succ_cy<3> (Madd_wr_succ_cy<3>)
     MUXCY:CI->O           1   0.029   0.000  Madd_wr_succ_cy<4> (Madd_wr_succ_cy<4>)
     XORCY:CI->O           1   0.510   0.939  Madd_wr_succ_xor<5> (wr_succ<5>)
     LUT6:I0->O            1   0.124   0.536  _n0147_inv2 (_n0147_inv4)
     LUT6:I4->O            2   0.124   0.405  _n0147_inv3 (_n0147_inv)
     FDCE:CE                   0.139          full_reg
    ----------------------------------------
    Total                      4.409ns (2.110ns logic, 2.299ns route)
                                       (47.9% logic, 52.1% route)

=========================================================================
Timing constraint: Default OFFSET IN BEFORE for Clock 'clock'
  Total number of paths / destination ports: 45 / 39
-------------------------------------------------------------------------
Offset:              1.767ns (Levels of Logic = 2)
  Source:            wr (PAD)
  Destination:       count_0 (FF)
  Destination Clock: clock rising

  Data Path: wr to count_0
                                Gate     Net
    Cell:in->out      fanout   Delay   Delay  Logical Name (Net Name)
    ----------------------------------------  ------------
     IBUF:I->O             6   0.001   0.749  wr_IBUF (wr_IBUF)
     LUT3:I0->O            1   0.124   0.399  _n00931 (_n0093)
     FDSE:S                    0.494          count_0
    ----------------------------------------
    Total                      1.767ns (0.619ns logic, 1.148ns route)
                                       (35.0% logic, 65.0% route)

=========================================================================
Timing constraint: Default OFFSET OUT AFTER for Clock 'clock'
  Total number of paths / destination ports: 11 / 11
-------------------------------------------------------------------------
Offset:              2.853ns (Levels of Logic = 1)
  Source:            Mram_regarray (RAM)
  Destination:       dout<7> (PAD)
  Source Clock:      clock rising

  Data Path: Mram_regarray to dout<7>
                                Gate     Net
    Cell:in->out      fanout   Delay   Delay  Logical Name (Net Name)
    ----------------------------------------  ------------
     RAMB18E1:CLKARDCLK->DOBDO7    1   2.454   0.399  Mram_regarray (dout_7_OBUF)
     OBUF:I->O                 0.000          dout_7_OBUF (dout<7>)
    ----------------------------------------
    Total                      2.853ns (2.454ns logic, 0.399ns route)
                                       (86.0% logic, 14.0% route)

=========================================================================

Cross Clock Domains Report:
--------------------------

Clock to Setup on destination clock clock
---------------+---------+---------+---------+---------+
               | Src:Rise| Src:Fall| Src:Rise| Src:Fall|
Source Clock   |Dest:Rise|Dest:Rise|Dest:Fall|Dest:Fall|
---------------+---------+---------+---------+---------+
clock          |    4.409|         |         |         |
---------------+---------+---------+---------+---------+

=========================================================================


Total REAL time to Xst completion: 24.00 secs
Total CPU time to Xst completion: 23.05 secs
 
--> 


Total memory usage is 504472 kilobytes

Number of errors   :    0 (   0 filtered)
Number of warnings :   16 (   0 filtered)
Number of infos    :    1 (   0 filtered)

