Release 14.7 - xst P.20131013 (lin64)
Copyright (c) 1995-2013 Xilinx, Inc.  All rights reserved.
--> 

TABLE OF CONTENTS
  1) Synthesis Options Summary
  2) HDL Parsing
  3) HDL Elaboration
  4) HDL Synthesis
       4.1) HDL Synthesis Report
  5) Advanced HDL Synthesis
       5.1) Advanced HDL Synthesis Report
  6) Low Level Synthesis
  7) Partition Report
  8) Design Summary
       8.1) Primitive and Black Box Usage
       8.2) Device utilization summary
       8.3) Partition Resource Summary
       8.4) Timing Report
            8.4.1) Clock Information
            8.4.2) Asynchronous Control Signals Information
            8.4.3) Timing Summary
            8.4.4) Timing Details
            8.4.5) Cross Clock Domains Report


=========================================================================
*                      Synthesis Options Summary                        *
=========================================================================
---- Source Parameters
Input File Name                    : "project.src"
Input Format                       : mixed

---- Target Parameters
Target Device                      : XC6SLX45-CSG324
Output File Name                   : "project.ngc"
Output Format                      : NGC

---- Source Options
Top Module Name                    : RegWS

---- General Options
Optimization Goal                  : Area
Optimization Effort                : 1
RTL Output                         : yes

=========================================================================


=========================================================================
*                          HDL Parsing                                  *
=========================================================================
Analyzing Verilog file "/home/alexandra/Documentos/ProyectoDigital/RegWS/RegWS.v" into library work
Parsing module <RegWS>.

=========================================================================
*                            HDL Elaboration                            *
=========================================================================

Elaborating module <RegWS>.

=========================================================================
*                           HDL Synthesis                               *
=========================================================================

Synthesizing Unit <RegWS>.
    Related source file is "/home/alexandra/Documentos/ProyectoDigital/RegWS/RegWS.v".
    Found 1-bit register for signal <WS>.
    Summary:
	inferred   1 D-type flip-flop(s).
Unit <RegWS> synthesized.

=========================================================================
HDL Synthesis Report

Macro Statistics
# Registers                                            : 1
 1-bit register                                        : 1

=========================================================================

=========================================================================
*                       Advanced HDL Synthesis                          *
=========================================================================


=========================================================================
Advanced HDL Synthesis Report

Macro Statistics
# Registers                                            : 1
 Flip-Flops                                            : 1

=========================================================================

=========================================================================
*                         Low Level Synthesis                           *
=========================================================================

Optimizing unit <RegWS> ...

Mapping all equations...
Building and optimizing final netlist ...
Found area constraint ratio of 100 (+ 0) on block RegWS, actual ratio is 0.
FlipFlop WS has been replicated 1 time(s) to handle iob=true attribute.

Final Macro Processing ...

=========================================================================
Final Register Report

Macro Statistics
# Registers                                            : 2
 Flip-Flops                                            : 2

=========================================================================

=========================================================================
*                           Partition Report                            *
=========================================================================

Partition Implementation Status
-------------------------------

  No Partitions were found in this design.

-------------------------------

=========================================================================
*                            Design Summary                             *
=========================================================================

Top Level Output File Name         : project.ngc

Primitive and Black Box Usage:
------------------------------
# BELS                             : 1
#      INV                         : 1
# FlipFlops/Latches                : 2
#      FDR                         : 2
# Clock Buffers                    : 1
#      BUFGP                       : 1
# IO Buffers                       : 2
#      IBUF                        : 1
#      OBUF                        : 1

Device utilization summary:
---------------------------

Selected Device : 6slx45csg324-3 


Slice Logic Utilization: 
 Number of Slice Registers:               1  out of  54576     0%  
 Number of Slice LUTs:                    1  out of  27288     0%  
    Number used as Logic:                 1  out of  27288     0%  

Slice Logic Distribution: 
 Number of LUT Flip Flop pairs used:      2
   Number with an unused Flip Flop:       1  out of      2    50%  
   Number with an unused LUT:             1  out of      2    50%  
   Number of fully used LUT-FF pairs:     0  out of      2     0%  
   Number of unique control sets:         1

IO Utilization: 
 Number of IOs:                           3
 Number of bonded IOBs:                   3  out of    218     1%  
    IOB Flip Flops/Latches:               1

Specific Feature Utilization:
 Number of BUFG/BUFGCTRLs:                1  out of     16     6%  

---------------------------
Partition Resource Summary:
---------------------------

  No Partitions were found in this design.

---------------------------


=========================================================================
Timing Report

NOTE: THESE TIMING NUMBERS ARE ONLY A SYNTHESIS ESTIMATE.
      FOR ACCURATE TIMING INFORMATION PLEASE REFER TO THE TRACE REPORT
      GENERATED AFTER PLACE-and-ROUTE.

Clock Information:
------------------
-----------------------------------+------------------------+-------+
Clock Signal                       | Clock buffer(FF name)  | Load  |
-----------------------------------+------------------------+-------+
SET32                              | BUFGP                  | 2     |
-----------------------------------+------------------------+-------+

Asynchronous Control Signals Information:
----------------------------------------
No asynchronous control signals found in this design

Timing Summary:
---------------
Speed Grade: -3

   Minimum period: 1.950ns (Maximum Frequency: 512.794MHz)
   Minimum input arrival time before clock: 2.268ns
   Maximum output required time after clock: 3.597ns
   Maximum combinational path delay: No path found

Timing Details:
---------------
All values displayed in nanoseconds (ns)

=========================================================================
Timing constraint: Default period analysis for Clock 'SET32'
  Clock period: 1.950ns (frequency: 512.794MHz)
  Total number of paths / destination ports: 2 / 2
-------------------------------------------------------------------------
Delay:               1.950ns (Levels of Logic = 1)
  Source:            WS (FF)
  Destination:       WS (FF)
  Source Clock:      SET32 rising
  Destination Clock: SET32 rising

  Data Path: WS to WS
                                Gate     Net
    Cell:in->out      fanout   Delay   Delay  Logical Name (Net Name)
    ----------------------------------------  ------------
     FDR:C->Q              1   0.447   0.579  WS (WS_OBUF)
     INV:I->O              2   0.206   0.616  WS_INV_1_o1_INV_0 (WS_INV_1_o)
     FDR:D                     0.102          WS
    ----------------------------------------
    Total                      1.950ns (0.755ns logic, 1.195ns route)
                                       (38.7% logic, 61.3% route)

=========================================================================
Timing constraint: Default OFFSET IN BEFORE for Clock 'SET32'
  Total number of paths / destination ports: 2 / 2
-------------------------------------------------------------------------
Offset:              2.268ns (Levels of Logic = 1)
  Source:            RESET (PAD)
  Destination:       WS (FF)
  Destination Clock: SET32 rising

  Data Path: RESET to WS
                                Gate     Net
    Cell:in->out      fanout   Delay   Delay  Logical Name (Net Name)
    ----------------------------------------  ------------
     IBUF:I->O             2   1.222   0.616  RESET_IBUF (RESET_IBUF)
     FDR:R                     0.430          WS
    ----------------------------------------
    Total                      2.268ns (1.652ns logic, 0.616ns route)
                                       (72.8% logic, 27.2% route)

=========================================================================
Timing constraint: Default OFFSET OUT AFTER for Clock 'SET32'
  Total number of paths / destination ports: 1 / 1
-------------------------------------------------------------------------
Offset:              3.597ns (Levels of Logic = 1)
  Source:            WS_1 (FF)
  Destination:       WS (PAD)
  Source Clock:      SET32 rising

  Data Path: WS_1 to WS
                                Gate     Net
    Cell:in->out      fanout   Delay   Delay  Logical Name (Net Name)
    ----------------------------------------  ------------
     FDR:C->Q              1   0.447   0.579  WS_1 (WS_1)
     OBUF:I->O                 2.571          WS_OBUF (WS)
    ----------------------------------------
    Total                      3.597ns (3.018ns logic, 0.579ns route)
                                       (83.9% logic, 16.1% route)

=========================================================================

Cross Clock Domains Report:
--------------------------

Clock to Setup on destination clock SET32
---------------+---------+---------+---------+---------+
               | Src:Rise| Src:Fall| Src:Rise| Src:Fall|
Source Clock   |Dest:Rise|Dest:Rise|Dest:Fall|Dest:Fall|
---------------+---------+---------+---------+---------+
SET32          |    1.950|         |         |         |
---------------+---------+---------+---------+---------+

=========================================================================


Total REAL time to Xst completion: 8.00 secs
Total CPU time to Xst completion: 7.93 secs
 
--> 


Total memory usage is 380756 kilobytes

Number of errors   :    0 (   0 filtered)
Number of warnings :    0 (   0 filtered)
Number of infos    :    0 (   0 filtered)

