Release 14.7 - xst P.20131013 (lin64)
Copyright (c) 1995-2013 Xilinx, Inc.  All rights reserved.
--> 

TABLE OF CONTENTS
  1) Synthesis Options Summary
  2) HDL Parsing
  3) HDL Elaboration
  4) HDL Synthesis
       4.1) HDL Synthesis Report
  5) Advanced HDL Synthesis
       5.1) Advanced HDL Synthesis Report
  6) Low Level Synthesis
  7) Partition Report
  8) Design Summary
       8.1) Primitive and Black Box Usage
       8.2) Device utilization summary
       8.3) Partition Resource Summary
       8.4) Timing Report
            8.4.1) Clock Information
            8.4.2) Asynchronous Control Signals Information
            8.4.3) Timing Summary
            8.4.4) Timing Details
            8.4.5) Cross Clock Domains Report


=========================================================================
*                      Synthesis Options Summary                        *
=========================================================================
---- Source Parameters
Input File Name                    : "project.src"
Input Format                       : mixed

---- Target Parameters
Target Device                      : XC7A100T-1CSG324
Output File Name                   : "project.ngc"
Output Format                      : NGC

---- Source Options
Top Module Name                    : pwm

---- General Options
Optimization Goal                  : Area
Optimization Effort                : 1
RTL Output                         : yes

=========================================================================


=========================================================================
*                          HDL Parsing                                  *
=========================================================================
Analyzing Verilog file "/home/athalia/FPGA-Game-D1/HW/RTL/06PCM-AUDIO-MICROFONO/Version_01/02 verilog/Leer/pwm.v" into library work
Parsing module <pwm>.
Analyzing Verilog file "/home/athalia/FPGA-Game-D1/HW/RTL/06PCM-AUDIO-MICROFONO/Version_01/02 verilog/Leer/div_freq.v" into library work
Parsing module <div_freq>.
Analyzing Verilog file "/home/athalia/FPGA-Game-D1/HW/RTL/06PCM-AUDIO-MICROFONO/Version_01/02 verilog/Leer/fifo.v" into library work
Parsing module <fifo>.

=========================================================================
*                            HDL Elaboration                            *
=========================================================================

Elaborating module <pwm>.

Elaborating module <div_freq>.

Elaborating module <fifo>.
WARNING:HDLCompiler:413 - "/home/athalia/FPGA-Game-D1/HW/RTL/06PCM-AUDIO-MICROFONO/Version_01/02 verilog/Leer/fifo.v" Line 77: Result of 6-bit expression is truncated to fit in 5-bit target.
WARNING:HDLCompiler:413 - "/home/athalia/FPGA-Game-D1/HW/RTL/06PCM-AUDIO-MICROFONO/Version_01/02 verilog/Leer/fifo.v" Line 78: Result of 6-bit expression is truncated to fit in 5-bit target.
ERROR:HDLCompiler:1401 - "/home/athalia/FPGA-Game-D1/HW/RTL/06PCM-AUDIO-MICROFONO/Version_01/02 verilog/Leer/fifo.v" Line 37: Signal out[0] in unit fifo is connected to following multiple drivers:
Driver 0: output signal out[0] of instance Flip-Flop (out[0]).
Driver 1: output signal out[0] of instance Flip-Flop (_i000006).
Module fifo remains a blackbox, due to errors in its contents
WARNING:HDLCompiler:1499 - "/home/athalia/FPGA-Game-D1/HW/RTL/06PCM-AUDIO-MICROFONO/Version_01/02 verilog/Leer/fifo.v" Line 1: Empty module <fifo> remains a black box.
--> 


Total memory usage is 344760 kilobytes

Number of errors   :    1 (   0 filtered)
Number of warnings :    3 (   0 filtered)
Number of infos    :    0 (   0 filtered)

