Flow report for DE0_D5M
Mon Mar 17 11:17:31 2014
Quartus II 64-Bit Version 13.1.0 Build 162 10/23/2013 SJ Full Version


---------------------
; Table of Contents ;
---------------------
  1. Legal Notice
  2. Flow Summary
  3. Flow Settings
  4. Flow Non-Default Global Settings
  5. Flow Elapsed Time
  6. Flow OS Summary
  7. Flow Log
  8. Flow Messages
  9. Flow Suppressed Messages



----------------
; Legal Notice ;
----------------
Copyright (C) 1991-2013 Altera Corporation
Your use of Altera Corporation's design tools, logic functions 
and other software and tools, and its AMPP partner logic 
functions, and any output files from any of the foregoing 
(including device programming or simulation files), and any 
associated documentation or information are expressly subject 
to the terms and conditions of the Altera Program License 
Subscription Agreement, Altera MegaCore Function License 
Agreement, or other applicable license agreement, including, 
without limitation, that your use is for the sole purpose of 
programming logic devices manufactured by Altera and sold by 
Altera or its authorized distributors.  Please refer to the 
applicable agreement for further details.



+----------------------------------------------------------------------------------+
; Flow Summary                                                                     ;
+------------------------------------+---------------------------------------------+
; Flow Status                        ; Successful - Mon Mar 17 11:17:25 2014       ;
; Quartus II 64-Bit Version          ; 13.1.0 Build 162 10/23/2013 SJ Full Version ;
; Revision Name                      ; DE0_D5M                                     ;
; Top-level Entity Name              ; TOP_DE0_CAMERA_MOUSE                        ;
; Family                             ; Cyclone III                                 ;
; Device                             ; EP3C16F484C6                                ;
; Timing Models                      ; Final                                       ;
; Total logic elements               ; 2,329 / 15,408 ( 15 % )                     ;
;     Total combinational functions  ; 1,922 / 15,408 ( 12 % )                     ;
;     Dedicated logic registers      ; 1,326 / 15,408 ( 9 % )                      ;
; Total registers                    ; 1326                                        ;
; Total pins                         ; 143 / 347 ( 41 % )                          ;
; Total virtual pins                 ; 0                                           ;
; Total memory bits                  ; 134,236 / 516,096 ( 26 % )                  ;
; Embedded Multiplier 9-bit elements ; 0 / 112 ( 0 % )                             ;
; Total PLLs                         ; 1 / 4 ( 25 % )                              ;
+------------------------------------+---------------------------------------------+


+-----------------------------------------+
; Flow Settings                           ;
+-------------------+---------------------+
; Option            ; Setting             ;
+-------------------+---------------------+
; Start date & time ; 03/17/2014 11:16:54 ;
; Main task         ; Compilation         ;
; Revision Name     ; DE0_D5M             ;
+-------------------+---------------------+


+---------------------------------------------------------------------------------------------------------------------------------+
; Flow Non-Default Global Settings                                                                                                ;
+-------------------------------------+---------------------------------------+---------------+----------------------+------------+
; Assignment Name                     ; Value                                 ; Default Value ; Entity Name          ; Section Id ;
+-------------------------------------+---------------------------------------+---------------+----------------------+------------+
; COMPILER_SIGNATURE_ID               ; 135308249136.139505501406800          ; --            ; --                   ; --         ;
; IP_TOOL_NAME                        ; LPM_MUX                               ; --            ; --                   ; --         ;
; IP_TOOL_VERSION                     ; 13.1                                  ; --            ; --                   ; --         ;
; MAX_CORE_JUNCTION_TEMP              ; 85                                    ; --            ; --                   ; --         ;
; MIN_CORE_JUNCTION_TEMP              ; 0                                     ; --            ; --                   ; --         ;
; MISC_FILE                           ; vga_mux.bsf                           ; --            ; --                   ; --         ;
; MISC_FILE                           ; vga_mux.cmp                           ; --            ; --                   ; --         ;
; PARTITION_COLOR                     ; 14622752                              ; --            ; TOP_DE0_CAMERA_MOUSE ; Top        ;
; PARTITION_FITTER_PRESERVATION_LEVEL ; PLACEMENT_AND_ROUTING                 ; --            ; TOP_DE0_CAMERA_MOUSE ; Top        ;
; PARTITION_NETLIST_TYPE              ; SOURCE                                ; --            ; TOP_DE0_CAMERA_MOUSE ; Top        ;
; POWER_BOARD_THERMAL_MODEL           ; None (CONSERVATIVE)                   ; --            ; --                   ; --         ;
; POWER_PRESET_COOLING_SOLUTION       ; 23 MM HEAT SINK WITH 200 LFPM AIRFLOW ; --            ; --                   ; --         ;
; SMART_RECOMPILE                     ; On                                    ; Off           ; --                   ; --         ;
; TOP_LEVEL_ENTITY                    ; TOP_DE0_CAMERA_MOUSE                  ; DE0_D5M       ; --                   ; --         ;
; USE_GENERATED_PHYSICAL_CONSTRAINTS  ; Off                                   ; --            ; --                   ; eda_palace ;
+-------------------------------------+---------------------------------------+---------------+----------------------+------------+


+-------------------------------------------------------------------------------------------------------------------------------+
; Flow Elapsed Time                                                                                                             ;
+---------------------------+--------------+-------------------------+---------------------+------------------------------------+
; Module Name               ; Elapsed Time ; Average Processors Used ; Peak Virtual Memory ; Total CPU Time (on all processors) ;
+---------------------------+--------------+-------------------------+---------------------+------------------------------------+
; Analysis & Synthesis      ; 00:00:09     ; 1.0                     ; 587 MB              ; 00:00:08                           ;
; Fitter                    ; 00:00:16     ; 1.2                     ; 1199 MB             ; 00:00:19                           ;
; Assembler                 ; 00:00:02     ; 1.0                     ; 456 MB              ; 00:00:01                           ;
; TimeQuest Timing Analyzer ; 00:00:04     ; 1.0                     ; 555 MB              ; 00:00:03                           ;
; Total                     ; 00:00:31     ; --                      ; --                  ; 00:00:31                           ;
+---------------------------+--------------+-------------------------+---------------------+------------------------------------+


+----------------------------------------------------------------------------------------+
; Flow OS Summary                                                                        ;
+---------------------------+------------------+-----------+------------+----------------+
; Module Name               ; Machine Hostname ; OS Name   ; OS Version ; Processor type ;
+---------------------------+------------------+-----------+------------+----------------+
; Analysis & Synthesis      ; ee-rad09-02      ; Windows 7 ; 6.1        ; x86_64         ;
; Fitter                    ; ee-rad09-02      ; Windows 7 ; 6.1        ; x86_64         ;
; Assembler                 ; ee-rad09-02      ; Windows 7 ; 6.1        ; x86_64         ;
; TimeQuest Timing Analyzer ; ee-rad09-02      ; Windows 7 ; 6.1        ; x86_64         ;
+---------------------------+------------------+-----------+------------+----------------+


------------
; Flow Log ;
------------
quartus_map --read_settings_files=on --write_settings_files=off DE0_D5M -c DE0_D5M
quartus_fit --read_settings_files=off --write_settings_files=off DE0_D5M -c DE0_D5M
quartus_asm --read_settings_files=off --write_settings_files=off DE0_D5M -c DE0_D5M
quartus_sta DE0_D5M -c DE0_D5M



