Release 14.7 - xst P.20131013 (lin64)
Copyright (c) 1995-2013 Xilinx, Inc.  All rights reserved.
--> 

TABLE OF CONTENTS
  1) Synthesis Options Summary
  2) HDL Parsing
  3) HDL Elaboration
  4) HDL Synthesis
       4.1) HDL Synthesis Report
  5) Advanced HDL Synthesis
       5.1) Advanced HDL Synthesis Report
  6) Low Level Synthesis
  7) Partition Report
  8) Design Summary
       8.1) Primitive and Black Box Usage
       8.2) Device utilization summary
       8.3) Partition Resource Summary
       8.4) Timing Report
            8.4.1) Clock Information
            8.4.2) Asynchronous Control Signals Information
            8.4.3) Timing Summary
            8.4.4) Timing Details
            8.4.5) Cross Clock Domains Report


=========================================================================
*                      Synthesis Options Summary                        *
=========================================================================
---- Source Parameters
Input File Name                    : "project.src"
Input Format                       : mixed

---- Target Parameters
Target Device                      : xc7a100t-1csg324
Output File Name                   : "project.ngc"
Output Format                      : NGC

---- Source Options
Top Module Name                    : recepcion

---- General Options
Optimization Goal                  : Area
Optimization Effort                : 1
RTL Output                         : yes

=========================================================================


=========================================================================
*                          HDL Parsing                                  *
=========================================================================
Analyzing Verilog file "/home/camila/Documentos/Proy.DigI/C贸digos PD/BLUETOOTH/RX/recepcion.v" into library wor
Parsing module <recepcion>.
Analyzing Verilog file "/home/camila/Documentos/Proy.DigI/C贸digos PD/BLUETOOTH/RX/Divisor_Frecuencia.v" into library wor
Parsing module <Divisor_Frecuencia>.

=========================================================================
*                            HDL Elaboration                            *
=========================================================================

Elaborating module <recepcion>.

Elaborating module <Divisor_Frecuencia>.
WARNING:HDLCompiler:413 - "/home/camila/Documentos/Proy.DigI/C  digos PD/BLUETOOTH/RX/recepcion.v" Line 37: Result of 5-bit expression is truncated to fit in 4-bit target.

=========================================================================
*                           HDL Synthesis                               *
=========================================================================

Synthesizing Unit <recepcion>.
    Related source file is "/home/camila/Documentos/Proy.DigI/C贸digos PD/BLUETOOTH/RX/recepcion.v"
        RX_STATE_START = 2'b00
        RX_STATE_DATA = 2'b01
        RX_STATE_STOP = 2'b10
    Found 2-bit register for signal <state>.
    Found 8-bit register for signal <dout>.
    Found 8-bit register for signal <scratch>.
    Found 4-bit register for signal <bitpos>.
    Found 1-bit register for signal <avail>.
    Found finite state machine <FSM_0> for signal <state>.
    -----------------------------------------------------------------------
    | States             | 3                                              |
    | Transitions        | 6                                              |
    | Inputs             | 2                                              |
    | Outputs            | 2                                              |
    | Clock              | clk_div (rising_edge)                          |
    | Power Up State     | 00                                             |
    | Encoding           | auto                                           |
    | Implementation     | LUT                                            |
    -----------------------------------------------------------------------
    Found 4-bit adder for signal <bitpos[3]_GND_1_o_add_8_OUT> created at line 37.
    Found 4-bit comparator greater for signal <n0004> created at line 36
    Summary:
	inferred   1 Adder/Subtractor(s).
	inferred  21 D-type flip-flop(s).
	inferred   1 Comparator(s).
	inferred  10 Multiplexer(s).
	inferred   1 Finite State Machine(s).
Unit <recepcion> synthesized.

Synthesizing Unit <Divisor_Frecuencia>.
    Related source file is "/home/camila/Documentos/Proy.DigI/C贸digos PD/BLUETOOTH/RX/Divisor_Frecuencia.v"
    Found 1-bit register for signal <clk_div>.
    Found 32-bit register for signal <count>.
    Found 32-bit adder for signal <count[31]_GND_2_o_add_2_OUT> created at line 25.
    Summary:
	inferred   1 Adder/Subtractor(s).
	inferred  33 D-type flip-flop(s).
	inferred   1 Multiplexer(s).
Unit <Divisor_Frecuencia> synthesized.

=========================================================================
HDL Synthesis Report

Macro Statistics
# Adders/Subtractors                                   : 2
 32-bit adder                                          : 1
 4-bit adder                                           : 1
# Registers                                            : 6
 1-bit register                                        : 2
 32-bit register                                       : 1
 4-bit register                                        : 1
 8-bit register                                        : 2
# Comparators                                          : 1
 4-bit comparator greater                              : 1
# Multiplexers                                         : 11
 1-bit 2-to-1 multiplexer                              : 8
 32-bit 2-to-1 multiplexer                             : 1
 4-bit 2-to-1 multiplexer                              : 1
 8-bit 2-to-1 multiplexer                              : 1
# FSMs                                                 : 1

=========================================================================

=========================================================================
*                       Advanced HDL Synthesis                          *
=========================================================================


Synthesizing (advanced) Unit <Divisor_Frecuencia>.
The following registers are absorbed into counter <count>: 1 register on signal <count>.
Unit <Divisor_Frecuencia> synthesized (advanced).

Synthesizing (advanced) Unit <recepcion>.
The following registers are absorbed into counter <bitpos>: 1 register on signal <bitpos>.
Unit <recepcion> synthesized (advanced).

=========================================================================
Advanced HDL Synthesis Report

Macro Statistics
# Counters                                             : 2
 32-bit up counter                                     : 1
 4-bit up counter                                      : 1
# Registers                                            : 18
 Flip-Flops                                            : 18
# Comparators                                          : 1
 4-bit comparator greater                              : 1
# Multiplexers                                         : 9
 1-bit 2-to-1 multiplexer                              : 8
 8-bit 2-to-1 multiplexer                              : 1
# FSMs                                                 : 1

=========================================================================

=========================================================================
*                         Low Level Synthesis                           *
=========================================================================
Analyzing FSM <MFsm> for best encoding.
Optimizing FSM <FSM_0> on signal <state[1:2]> with user encoding.
-------------------
 State | Encoding
-------------------
 00    | 00
 01    | 01
 10    | 10
-------------------

Optimizing unit <recepcion> ...
WARNING:Xst:1293 - FF/Latch <div/count_31> has a constant value of 0 in block <recepcion>. This FF/Latch will be trimmed during the optimization process.
WARNING:Xst:1896 - Due to other FF/Latch trimming, FF/Latch <div/count_30> has a constant value of 0 in block <recepcion>. This FF/Latch will be trimmed during the optimization process.
WARNING:Xst:1896 - Due to other FF/Latch trimming, FF/Latch <div/count_29> has a constant value of 0 in block <recepcion>. This FF/Latch will be trimmed during the optimization process.
WARNING:Xst:1896 - Due to other FF/Latch trimming, FF/Latch <div/count_28> has a constant value of 0 in block <recepcion>. This FF/Latch will be trimmed during the optimization process.
WARNING:Xst:1896 - Due to other FF/Latch trimming, FF/Latch <div/count_27> has a constant value of 0 in block <recepcion>. This FF/Latch will be trimmed during the optimization process.
WARNING:Xst:1896 - Due to other FF/Latch trimming, FF/Latch <div/count_26> has a constant value of 0 in block <recepcion>. This FF/Latch will be trimmed during the optimization process.
WARNING:Xst:1896 - Due to other FF/Latch trimming, FF/Latch <div/count_25> has a constant value of 0 in block <recepcion>. This FF/Latch will be trimmed during the optimization process.
WARNING:Xst:1896 - Due to other FF/Latch trimming, FF/Latch <div/count_24> has a constant value of 0 in block <recepcion>. This FF/Latch will be trimmed during the optimization process.
WARNING:Xst:1896 - Due to other FF/Latch trimming, FF/Latch <div/count_23> has a constant value of 0 in block <recepcion>. This FF/Latch will be trimmed during the optimization process.
WARNING:Xst:1896 - Due to other FF/Latch trimming, FF/Latch <div/count_22> has a constant value of 0 in block <recepcion>. This FF/Latch will be trimmed during the optimization process.
WARNING:Xst:1896 - Due to other FF/Latch trimming, FF/Latch <div/count_21> has a constant value of 0 in block <recepcion>. This FF/Latch will be trimmed during the optimization process.
WARNING:Xst:1896 - Due to other FF/Latch trimming, FF/Latch <div/count_20> has a constant value of 0 in block <recepcion>. This FF/Latch will be trimmed during the optimization process.
WARNING:Xst:1896 - Due to other FF/Latch trimming, FF/Latch <div/count_19> has a constant value of 0 in block <recepcion>. This FF/Latch will be trimmed during the optimization process.
WARNING:Xst:1896 - Due to other FF/Latch trimming, FF/Latch <div/count_18> has a constant value of 0 in block <recepcion>. This FF/Latch will be trimmed during the optimization process.
WARNING:Xst:1896 - Due to other FF/Latch trimming, FF/Latch <div/count_17> has a constant value of 0 in block <recepcion>. This FF/Latch will be trimmed during the optimization process.
WARNING:Xst:1896 - Due to other FF/Latch trimming, FF/Latch <div/count_16> has a constant value of 0 in block <recepcion>. This FF/Latch will be trimmed during the optimization process.
WARNING:Xst:1896 - Due to other FF/Latch trimming, FF/Latch <div/count_15> has a constant value of 0 in block <recepcion>. This FF/Latch will be trimmed during the optimization process.
WARNING:Xst:1896 - Due to other FF/Latch trimming, FF/Latch <div/count_14> has a constant value of 0 in block <recepcion>. This FF/Latch will be trimmed during the optimization process.
WARNING:Xst:1896 - Due to other FF/Latch trimming, FF/Latch <div/count_13> has a constant value of 0 in block <recepcion>. This FF/Latch will be trimmed during the optimization process.

Mapping all equations...
Building and optimizing final netlist ...
Found area constraint ratio of 100 (+ 0) on block recepcion, actual ratio is 0.
FlipFlop div/clk_div has been replicated 1 time(s) to handle iob=true attribute.

Final Macro Processing ...

=========================================================================
Final Register Report

Macro Statistics
# Registers                                            : 38
 Flip-Flops                                            : 38

=========================================================================

=========================================================================
*                           Partition Report                            *
=========================================================================

Partition Implementation Status
-------------------------------

  No Partitions were found in this design.

-------------------------------

=========================================================================
*                            Design Summary                             *
=========================================================================

Top Level Output File Name         : project.ngc

Primitive and Black Box Usage:
------------------------------
# BELS                             : 66
#      GND                         : 1
#      INV                         : 2
#      LUT1                        : 12
#      LUT2                        : 1
#      LUT3                        : 7
#      LUT4                        : 6
#      LUT5                        : 9
#      LUT6                        : 2
#      MUXCY                       : 12
#      VCC                         : 1
#      XORCY                       : 13
# FlipFlops/Latches                : 38
#      FD                          : 3
#      FDE                         : 20
#      FDR                         : 13
#      FDRE                        : 2
# Clock Buffers                    : 2
#      BUFG                        : 1
#      BUFGP                       : 1
# IO Buffers                       : 12
#      IBUF                        : 2
#      OBUF                        : 10

Device utilization summary:
---------------------------

Selected Device : 7a100tcsg324-1 


Slice Logic Utilization: 
 Number of Slice Registers:              28  out of  126800     0%  
 Number of Slice LUTs:                   39  out of  63400     0%  
    Number used as Logic:                39  out of  63400     0%  

Slice Logic Distribution: 
 Number of LUT Flip Flop pairs used:     39
   Number with an unused Flip Flop:      11  out of     39    28%  
   Number with an unused LUT:             0  out of     39     0%  
   Number of fully used LUT-FF pairs:    28  out of     39    71%  
   Number of unique control sets:         5

IO Utilization: 
 Number of IOs:                          13
 Number of bonded IOBs:                  13  out of    210     6%  
    IOB Flip Flops/Latches:              10

Specific Feature Utilization:
 Number of BUFG/BUFGCTRLs:                2  out of     32     6%  

---------------------------
Partition Resource Summary:
---------------------------

  No Partitions were found in this design.

---------------------------


=========================================================================
Timing Report

NOTE: THESE TIMING NUMBERS ARE ONLY A SYNTHESIS ESTIMATE.
      FOR ACCURATE TIMING INFORMATION PLEASE REFER TO THE TRACE REPORT
      GENERATED AFTER PLACE-and-ROUTE.

Clock Information:
------------------
-----------------------------------+------------------------+-------+
Clock Signal                       | Clock buffer(FF name)  | Load  |
-----------------------------------+------------------------+-------+
div/clk_div                        | BUFG                   | 23    |
clk_in                             | BUFGP                  | 15    |
-----------------------------------+------------------------+-------+

Asynchronous Control Signals Information:
----------------------------------------
No asynchronous control signals found in this design

Timing Summary:
---------------
Speed Grade: -1

   Minimum period: 3.186ns (Maximum Frequency: 313.873MHz)
   Minimum input arrival time before clock: 1.888ns
   Maximum output required time after clock: 0.877ns
   Maximum combinational path delay: No path found

Timing Details:
---------------
All values displayed in nanoseconds (ns)

=========================================================================
Timing constraint: Default period analysis for Clock 'div/clk_div'
  Clock period: 2.294ns (frequency: 435.920MHz)
  Total number of paths / destination ports: 136 / 43
-------------------------------------------------------------------------
Delay:               2.294ns (Levels of Logic = 2)
  Source:            bitpos_3 (FF)
  Destination:       state_FSM_FFd1 (FF)
  Source Clock:      div/clk_div rising
  Destination Clock: div/clk_div rising

  Data Path: bitpos_3 to state_FSM_FFd1
                                Gate     Net
    Cell:in->out      fanout   Delay   Delay  Logical Name (Net Name)
    ----------------------------------------  ------------
     FDE:C->Q              7   0.478   0.816  bitpos_3 (bitpos_3)
     LUT4:I0->O            2   0.124   0.722  GND_1_o_GND_1_o_equal_12_o<3>1 (GND_1_o_GND_1_o_equal_12_o)
     LUT4:I1->O            1   0.124   0.000  state_FSM_FFd1-In1 (state_FSM_FFd1-In)
     FD:D                      0.030          state_FSM_FFd1
    ----------------------------------------
    Total                      2.294ns (0.756ns logic, 1.538ns route)
                                       (33.0% logic, 67.0% route)

=========================================================================
Timing constraint: Default period analysis for Clock 'clk_in'
  Clock period: 3.186ns (frequency: 313.873MHz)
  Total number of paths / destination ports: 288 / 30
-------------------------------------------------------------------------
Delay:               3.186ns (Levels of Logic = 2)
  Source:            div/count_0 (FF)
  Destination:       div/count_0 (FF)
  Source Clock:      clk_in rising
  Destination Clock: clk_in rising

  Data Path: div/count_0 to div/count_0
                                Gate     Net
    Cell:in->out      fanout   Delay   Delay  Logical Name (Net Name)
    ----------------------------------------  ------------
     FDR:C->Q              2   0.478   0.945  div/count_0 (div/count_0)
     LUT6:I0->O            2   0.124   0.542  div/count[31]_GND_2_o_equal_2_o<31>1 (div/count[31]_GND_2_o_equal_2_o<31>)
     LUT4:I2->O           13   0.124   0.479  div/count[31]_GND_2_o_equal_2_o_01 (div/count[31]_GND_2_o_equal_2_o_0)
     FDR:R                     0.494          div/count_0
    ----------------------------------------
    Total                      3.186ns (1.220ns logic, 1.966ns route)
                                       (38.3% logic, 61.7% route)

=========================================================================
Timing constraint: Default OFFSET IN BEFORE for Clock 'div/clk_div'
  Total number of paths / destination ports: 31 / 31
-------------------------------------------------------------------------
Offset:              1.504ns (Levels of Logic = 2)
  Source:            rx (PAD)
  Destination:       dout_0 (FF)
  Destination Clock: div/clk_div rising

  Data Path: rx to dout_0
                                Gate     Net
    Cell:in->out      fanout   Delay   Delay  Logical Name (Net Name)
    ----------------------------------------  ------------
     IBUF:I->O            12   0.001   0.788  rx_IBUF (rx_IBUF)
     LUT3:I0->O            9   0.124   0.452  _n0079_inv1 (avail_rstpot)
     FDE:CE                    0.139          dout_0
    ----------------------------------------
    Total                      1.504ns (0.264ns logic, 1.240ns route)
                                       (17.6% logic, 82.4% route)

=========================================================================
Timing constraint: Default OFFSET IN BEFORE for Clock 'clk_in'
  Total number of paths / destination ports: 15 / 15
-------------------------------------------------------------------------
Offset:              1.888ns (Levels of Logic = 2)
  Source:            reset (PAD)
  Destination:       div/count_0 (FF)
  Destination Clock: clk_in rising

  Data Path: reset to div/count_0
                                Gate     Net
    Cell:in->out      fanout   Delay   Delay  Logical Name (Net Name)
    ----------------------------------------  ------------
     IBUF:I->O             3   0.001   0.790  reset_IBUF (reset_IBUF)
     LUT4:I0->O           13   0.124   0.479  div/count[31]_GND_2_o_equal_2_o_01 (div/count[31]_GND_2_o_equal_2_o_0)
     FDR:R                     0.494          div/count_0
    ----------------------------------------
    Total                      1.888ns (0.619ns logic, 1.269ns route)
                                       (32.8% logic, 67.2% route)

=========================================================================
Timing constraint: Default OFFSET OUT AFTER for Clock 'div/clk_div'
  Total number of paths / destination ports: 9 / 9
-------------------------------------------------------------------------
Offset:              0.877ns (Levels of Logic = 1)
  Source:            dout_7 (FF)
  Destination:       dout<7> (PAD)
  Source Clock:      div/clk_div rising

  Data Path: dout_7 to dout<7>
                                Gate     Net
    Cell:in->out      fanout   Delay   Delay  Logical Name (Net Name)
    ----------------------------------------  ------------
     FDE:C->Q              1   0.478   0.399  dout_7 (dout_7)
     OBUF:I->O                 0.000          dout_7_OBUF (dout<7>)
    ----------------------------------------
    Total                      0.877ns (0.478ns logic, 0.399ns route)
                                       (54.5% logic, 45.5% route)

=========================================================================
Timing constraint: Default OFFSET OUT AFTER for Clock 'clk_in'
  Total number of paths / destination ports: 1 / 1
-------------------------------------------------------------------------
Offset:              0.877ns (Levels of Logic = 1)
  Source:            div/clk_div_1 (FF)
  Destination:       clk_div (PAD)
  Source Clock:      clk_in rising

  Data Path: div/clk_div_1 to clk_div
                                Gate     Net
    Cell:in->out      fanout   Delay   Delay  Logical Name (Net Name)
    ----------------------------------------  ------------
     FDRE:C->Q             1   0.478   0.399  div/clk_div_1 (div/clk_div_1)
     OBUF:I->O                 0.000          clk_div_OBUF (clk_div)
    ----------------------------------------
    Total                      0.877ns (0.478ns logic, 0.399ns route)
                                       (54.5% logic, 45.5% route)

=========================================================================

Cross Clock Domains Report:
--------------------------

Clock to Setup on destination clock clk_in
---------------+---------+---------+---------+---------+
               | Src:Rise| Src:Fall| Src:Rise| Src:Fall|
Source Clock   |Dest:Rise|Dest:Rise|Dest:Fall|Dest:Fall|
---------------+---------+---------+---------+---------+
clk_in         |    3.186|         |         |         |
---------------+---------+---------+---------+---------+

Clock to Setup on destination clock div/clk_div
---------------+---------+---------+---------+---------+
               | Src:Rise| Src:Fall| Src:Rise| Src:Fall|
Source Clock   |Dest:Rise|Dest:Rise|Dest:Fall|Dest:Fall|
---------------+---------+---------+---------+---------+
div/clk_div    |    2.294|         |         |         |
---------------+---------+---------+---------+---------+

=========================================================================


Total REAL time to Xst completion: 6.00 secs
Total CPU time to Xst completion: 6.74 secs
 
--> 


Total memory usage is 503192 kilobytes

Number of errors   :    0 (   0 filtered)
Number of warnings :   20 (   0 filtered)
Number of infos    :    0 (   0 filtered)

