Release 14.7 - xst P.20131013 (lin64)
Copyright (c) 1995-2013 Xilinx, Inc.  All rights reserved.
--> 

TABLE OF CONTENTS
  1) Synthesis Options Summary
  2) HDL Parsing
  3) HDL Elaboration
  4) HDL Synthesis
       4.1) HDL Synthesis Report
  5) Advanced HDL Synthesis
       5.1) Advanced HDL Synthesis Report
  6) Low Level Synthesis
  7) Partition Report
  8) Design Summary
       8.1) Primitive and Black Box Usage
       8.2) Device utilization summary
       8.3) Partition Resource Summary
       8.4) Timing Report
            8.4.1) Clock Information
            8.4.2) Asynchronous Control Signals Information
            8.4.3) Timing Summary
            8.4.4) Timing Details
            8.4.5) Cross Clock Domains Report


=========================================================================
*                      Synthesis Options Summary                        *
=========================================================================
---- Source Parameters
Input File Name                    : "project.src"
Input Format                       : mixed

---- Target Parameters
Target Device                      : XC7A100T-1CSG324
Output File Name                   : "project.ngc"
Output Format                      : NGC

---- Source Options
Top Module Name                    : microfono

---- General Options
Optimization Goal                  : Area
Optimization Effort                : 1
RTL Output                         : yes

=========================================================================


=========================================================================
*                          HDL Parsing                                  *
=========================================================================
Analyzing Verilog file "/home/athalia/FPGA-Game-D1/HW/RTL/06PCM-AUDIO-MICROFONO/Version_01/02 verilog/Pruebabit/microfono.v" into library work
Parsing module <microfono>.
Analyzing Verilog file "/home/athalia/FPGA-Game-D1/HW/RTL/06PCM-AUDIO-MICROFONO/Version_01/02 verilog/Pruebabit/div_freq.v" into library work
Parsing module <div_freq>.
Analyzing Verilog file "/home/athalia/FPGA-Game-D1/HW/RTL/06PCM-AUDIO-MICROFONO/Version_01/02 verilog/Pruebabit/pwm.v" into library work
Parsing module <pwm>.

=========================================================================
*                            HDL Elaboration                            *
=========================================================================
WARNING:HDLCompiler:1016 - "/home/athalia/FPGA-Game-D1/HW/RTL/06PCM-AUDIO-MICROFONO/Version_01/02 verilog/Pruebabit/microfono.v" Line 34: Port ledres is not connected to this instance

Elaborating module <microfono>.
WARNING:HDLCompiler:1127 - "/home/athalia/FPGA-Game-D1/HW/RTL/06PCM-AUDIO-MICROFONO/Version_01/02 verilog/Pruebabit/microfono.v" Line 22: Assignment to mclk5 ignored, since the identifier is never used

Elaborating module <pwm>.
WARNING:HDLCompiler:1127 - "/home/athalia/FPGA-Game-D1/HW/RTL/06PCM-AUDIO-MICROFONO/Version_01/02 verilog/Pruebabit/microfono.v" Line 34: Assignment to mclk5 ignored, since the identifier is never used

Elaborating module <div_freq>.
WARNING:HDLCompiler:552 - "/home/athalia/FPGA-Game-D1/HW/RTL/06PCM-AUDIO-MICROFONO/Version_01/02 verilog/Pruebabit/microfono.v" Line 34: Input port micData is not connected on this instance

=========================================================================
*                           HDL Synthesis                               *
=========================================================================

Synthesizing Unit <microfono>.
    Related source file is "/home/athalia/FPGA-Game-D1/HW/RTL/06PCM-AUDIO-MICROFONO/Version_01/02 verilog/Pruebabit/microfono.v".
WARNING:Xst:2898 - Port 'micData', unconnected in block instance 'pw', is tied to GND.
INFO:Xst:3210 - "/home/athalia/FPGA-Game-D1/HW/RTL/06PCM-AUDIO-MICROFONO/Version_01/02 verilog/Pruebabit/microfono.v" line 34: Output port <ledres> of the instance <pw> is unconnected or connected to loadless signal.
INFO:Xst:3210 - "/home/athalia/FPGA-Game-D1/HW/RTL/06PCM-AUDIO-MICROFONO/Version_01/02 verilog/Pruebabit/microfono.v" line 34: Output port <mcl> of the instance <pw> is unconnected or connected to loadless signal.
WARNING:Xst:2935 - Signal 'micLRSel', unconnected in block 'microfono', is tied to its initial value (0).
    Found 1-bit register for signal <micData1>.
    Summary:
	inferred   1 D-type flip-flop(s).
Unit <microfono> synthesized.

Synthesizing Unit <pwm>.
    Related source file is "/home/athalia/FPGA-Game-D1/HW/RTL/06PCM-AUDIO-MICROFONO/Version_01/02 verilog/Pruebabit/pwm.v".
WARNING:Xst:647 - Input <clk> is never used. This port will be preserved and left unconnected if it belongs to a top-level block or it belongs to a sub-block and the hierarchy of this sub-block is preserved.
WARNING:Xst:647 - Input <micData> is never used. This port will be preserved and left unconnected if it belongs to a top-level block or it belongs to a sub-block and the hierarchy of this sub-block is preserved.
WARNING:Xst:653 - Signal <ledres> is used but never assigned. This sourceless signal will be automatically connected to value GND.
WARNING:Xst:653 - Signal <mcl> is used but never assigned. This sourceless signal will be automatically connected to value GND.
WARNING:Xst:2935 - Signal 'ampSD', unconnected in block 'pwm', is tied to its initial value (1).
    Found 1-bit register for signal <ampPWM>.
    Summary:
	inferred   1 D-type flip-flop(s).
Unit <pwm> synthesized.

Synthesizing Unit <div_freq>.
    Related source file is "/home/athalia/FPGA-Game-D1/HW/RTL/06PCM-AUDIO-MICROFONO/Version_01/02 verilog/Pruebabit/div_freq.v".
        fi = 50000000
        fs = 3125000
    Found 32-bit register for signal <count>.
    Found 1-bit register for signal <clkout>.
    Found 1-bit register for signal <led>.
    Found 32-bit subtractor for signal <count[31]_GND_3_o_sub_3_OUT> created at line 30.
    Summary:
	inferred   1 Adder/Subtractor(s).
	inferred  34 D-type flip-flop(s).
	inferred   1 Multiplexer(s).
Unit <div_freq> synthesized.

=========================================================================
HDL Synthesis Report

Macro Statistics
# Adders/Subtractors                                   : 1
 32-bit subtractor                                     : 1
# Registers                                            : 5
 1-bit register                                        : 4
 32-bit register                                       : 1
# Multiplexers                                         : 1
 32-bit 2-to-1 multiplexer                             : 1

=========================================================================

=========================================================================
*                       Advanced HDL Synthesis                          *
=========================================================================

WARNING:Xst:1710 - FF/Latch <ampPWM> (without init value) has a constant value of 0 in block <pw>. This FF/Latch will be trimmed during the optimization process.
WARNING:Xst:1898 - Due to constant pushing, FF/Latch <micData1> is unconnected in block <microfono>.

Synthesizing (advanced) Unit <div_freq>.
The following registers are absorbed into counter <count>: 1 register on signal <count>.
Unit <div_freq> synthesized (advanced).

=========================================================================
Advanced HDL Synthesis Report

Macro Statistics
# Counters                                             : 1
 32-bit down counter                                   : 1
# Registers                                            : 4
 Flip-Flops                                            : 4

=========================================================================

=========================================================================
*                         Low Level Synthesis                           *
=========================================================================
WARNING:Xst:1710 - FF/Latch <ampPWM> (without init value) has a constant value of 0 in block <pwm>. This FF/Latch will be trimmed during the optimization process.
WARNING:Xst:2677 - Node <micData1> of sequential type is unconnected in block <microfono>.

Optimizing unit <microfono> ...
WARNING:Xst:1293 - FF/Latch <df/count_31> has a constant value of 0 in block <microfono>. This FF/Latch will be trimmed during the optimization process.
WARNING:Xst:1896 - Due to other FF/Latch trimming, FF/Latch <df/count_30> has a constant value of 0 in block <microfono>. This FF/Latch will be trimmed during the optimization process.
WARNING:Xst:1896 - Due to other FF/Latch trimming, FF/Latch <df/count_29> has a constant value of 0 in block <microfono>. This FF/Latch will be trimmed during the optimization process.
WARNING:Xst:1896 - Due to other FF/Latch trimming, FF/Latch <df/count_28> has a constant value of 0 in block <microfono>. This FF/Latch will be trimmed during the optimization process.
WARNING:Xst:1896 - Due to other FF/Latch trimming, FF/Latch <df/count_27> has a constant value of 0 in block <microfono>. This FF/Latch will be trimmed during the optimization process.
WARNING:Xst:1896 - Due to other FF/Latch trimming, FF/Latch <df/count_26> has a constant value of 0 in block <microfono>. This FF/Latch will be trimmed during the optimization process.
WARNING:Xst:1896 - Due to other FF/Latch trimming, FF/Latch <df/count_25> has a constant value of 0 in block <microfono>. This FF/Latch will be trimmed during the optimization process.
WARNING:Xst:1896 - Due to other FF/Latch trimming, FF/Latch <df/count_24> has a constant value of 0 in block <microfono>. This FF/Latch will be trimmed during the optimization process.
WARNING:Xst:1896 - Due to other FF/Latch trimming, FF/Latch <df/count_23> has a constant value of 0 in block <microfono>. This FF/Latch will be trimmed during the optimization process.
WARNING:Xst:1896 - Due to other FF/Latch trimming, FF/Latch <df/count_22> has a constant value of 0 in block <microfono>. This FF/Latch will be trimmed during the optimization process.
WARNING:Xst:1896 - Due to other FF/Latch trimming, FF/Latch <df/count_21> has a constant value of 0 in block <microfono>. This FF/Latch will be trimmed during the optimization process.
WARNING:Xst:1896 - Due to other FF/Latch trimming, FF/Latch <df/count_20> has a constant value of 0 in block <microfono>. This FF/Latch will be trimmed during the optimization process.
WARNING:Xst:1896 - Due to other FF/Latch trimming, FF/Latch <df/count_19> has a constant value of 0 in block <microfono>. This FF/Latch will be trimmed during the optimization process.
WARNING:Xst:1896 - Due to other FF/Latch trimming, FF/Latch <df/count_18> has a constant value of 0 in block <microfono>. This FF/Latch will be trimmed during the optimization process.
WARNING:Xst:1896 - Due to other FF/Latch trimming, FF/Latch <df/count_17> has a constant value of 0 in block <microfono>. This FF/Latch will be trimmed during the optimization process.
WARNING:Xst:1896 - Due to other FF/Latch trimming, FF/Latch <df/count_16> has a constant value of 0 in block <microfono>. This FF/Latch will be trimmed during the optimization process.
WARNING:Xst:1896 - Due to other FF/Latch trimming, FF/Latch <df/count_15> has a constant value of 0 in block <microfono>. This FF/Latch will be trimmed during the optimization process.
WARNING:Xst:1896 - Due to other FF/Latch trimming, FF/Latch <df/count_14> has a constant value of 0 in block <microfono>. This FF/Latch will be trimmed during the optimization process.
WARNING:Xst:1896 - Due to other FF/Latch trimming, FF/Latch <df/count_13> has a constant value of 0 in block <microfono>. This FF/Latch will be trimmed during the optimization process.
WARNING:Xst:1896 - Due to other FF/Latch trimming, FF/Latch <df/count_12> has a constant value of 0 in block <microfono>. This FF/Latch will be trimmed during the optimization process.
WARNING:Xst:1896 - Due to other FF/Latch trimming, FF/Latch <df/count_11> has a constant value of 0 in block <microfono>. This FF/Latch will be trimmed during the optimization process.
WARNING:Xst:1896 - Due to other FF/Latch trimming, FF/Latch <df/count_10> has a constant value of 0 in block <microfono>. This FF/Latch will be trimmed during the optimization process.
WARNING:Xst:1896 - Due to other FF/Latch trimming, FF/Latch <df/count_9> has a constant value of 0 in block <microfono>. This FF/Latch will be trimmed during the optimization process.
WARNING:Xst:1896 - Due to other FF/Latch trimming, FF/Latch <df/count_8> has a constant value of 0 in block <microfono>. This FF/Latch will be trimmed during the optimization process.
WARNING:Xst:1896 - Due to other FF/Latch trimming, FF/Latch <df/count_7> has a constant value of 0 in block <microfono>. This FF/Latch will be trimmed during the optimization process.
WARNING:Xst:1896 - Due to other FF/Latch trimming, FF/Latch <df/count_6> has a constant value of 0 in block <microfono>. This FF/Latch will be trimmed during the optimization process.
WARNING:Xst:1896 - Due to other FF/Latch trimming, FF/Latch <df/count_5> has a constant value of 0 in block <microfono>. This FF/Latch will be trimmed during the optimization process.

Mapping all equations...
Building and optimizing final netlist ...
Found area constraint ratio of 100 (+ 0) on block microfono, actual ratio is 0.
FlipFlop df/clkout has been replicated 1 time(s) to handle iob=true attribute.

Final Macro Processing ...

=========================================================================
Final Register Report

Macro Statistics
# Registers                                            : 8
 Flip-Flops                                            : 8

=========================================================================

=========================================================================
*                           Partition Report                            *
=========================================================================

Partition Implementation Status
-------------------------------

  No Partitions were found in this design.

-------------------------------

=========================================================================
*                            Design Summary                             *
=========================================================================

Top Level Output File Name         : project.ngc

Primitive and Black Box Usage:
------------------------------
# BELS                             : 20
#      GND                         : 1
#      INV                         : 5
#      LUT1                        : 1
#      LUT6                        : 3
#      MUXCY                       : 4
#      VCC                         : 1
#      XORCY                       : 5
# FlipFlops/Latches                : 8
#      FD                          : 1
#      FDR                         : 6
#      FDS                         : 1
# Clock Buffers                    : 1
#      BUFGP                       : 1
# IO Buffers                       : 6
#      IBUF                        : 1
#      OBUF                        : 5

Device utilization summary:
---------------------------

Selected Device : 7a100tcsg324-1 


Slice Logic Utilization: 
 Number of Slice Registers:               6  out of  126800     0%  
 Number of Slice LUTs:                    9  out of  63400     0%  
    Number used as Logic:                 9  out of  63400     0%  

Slice Logic Distribution: 
 Number of LUT Flip Flop pairs used:      9
   Number with an unused Flip Flop:       3  out of      9    33%  
   Number with an unused LUT:             0  out of      9     0%  
   Number of fully used LUT-FF pairs:     6  out of      9    66%  
   Number of unique control sets:         3

IO Utilization: 
 Number of IOs:                           9
 Number of bonded IOBs:                   7  out of    210     3%  
    IOB Flip Flops/Latches:               2

Specific Feature Utilization:
 Number of BUFG/BUFGCTRLs:                1  out of     32     3%  

---------------------------
Partition Resource Summary:
---------------------------

  No Partitions were found in this design.

---------------------------


=========================================================================
Timing Report

NOTE: THESE TIMING NUMBERS ARE ONLY A SYNTHESIS ESTIMATE.
      FOR ACCURATE TIMING INFORMATION PLEASE REFER TO THE TRACE REPORT
      GENERATED AFTER PLACE-and-ROUTE.

Clock Information:
------------------
-----------------------------------+------------------------+-------+
Clock Signal                       | Clock buffer(FF name)  | Load  |
-----------------------------------+------------------------+-------+
clk                                | BUFGP                  | 8     |
-----------------------------------+------------------------+-------+

Asynchronous Control Signals Information:
----------------------------------------
No asynchronous control signals found in this design

Timing Summary:
---------------
Speed Grade: -1

   Minimum period: 2.688ns (Maximum Frequency: 372.058MHz)
   Minimum input arrival time before clock: 2.004ns
   Maximum output required time after clock: 0.877ns
   Maximum combinational path delay: No path found

Timing Details:
---------------
All values displayed in nanoseconds (ns)

=========================================================================
Timing constraint: Default period analysis for Clock 'clk'
  Clock period: 2.688ns (frequency: 372.058MHz)
  Total number of paths / destination ports: 52 / 11
-------------------------------------------------------------------------
Delay:               2.688ns (Levels of Logic = 7)
  Source:            df/count_0 (FF)
  Destination:       df/count_4 (FF)
  Source Clock:      clk rising
  Destination Clock: clk rising

  Data Path: df/count_0 to df/count_4
                                Gate     Net
    Cell:in->out      fanout   Delay   Delay  Logical Name (Net Name)
    ----------------------------------------  ------------
     FDR:C->Q              4   0.478   0.441  df/count_0 (df/count_0)
     LUT1:I0->O            1   0.124   0.000  df/Mcount_count_cy<0>_rt (df/Mcount_count_cy<0>_rt)
     MUXCY:S->O            1   0.472   0.000  df/Mcount_count_cy<0> (df/Mcount_count_cy<0>)
     MUXCY:CI->O           1   0.029   0.000  df/Mcount_count_cy<1> (df/Mcount_count_cy<1>)
     MUXCY:CI->O           1   0.029   0.000  df/Mcount_count_cy<2> (df/Mcount_count_cy<2>)
     MUXCY:CI->O           0   0.029   0.000  df/Mcount_count_cy<3> (df/Mcount_count_cy<3>)
     XORCY:CI->O           1   0.510   0.421  df/Mcount_count_xor<4> (Result<4>)
     LUT6:I5->O            1   0.124   0.000  df/Mcount_count_eqn_41 (df/Mcount_count_eqn_4)
     FDS:D                     0.030          df/count_4
    ----------------------------------------
    Total                      2.688ns (1.826ns logic, 0.862ns route)
                                       (67.9% logic, 32.1% route)

=========================================================================
Timing constraint: Default OFFSET IN BEFORE for Clock 'clk'
  Total number of paths / destination ports: 8 / 8
-------------------------------------------------------------------------
Offset:              2.004ns (Levels of Logic = 2)
  Source:            reset (PAD)
  Destination:       df/count_1 (FF)
  Destination Clock: clk rising

  Data Path: reset to df/count_1
                                Gate     Net
    Cell:in->out      fanout   Delay   Delay  Logical Name (Net Name)
    ----------------------------------------  ------------
     IBUF:I->O             5   0.001   0.966  reset_IBUF (reset_IBUF)
     LUT6:I0->O            4   0.124   0.419  df/count[31]_GND_3_o_equal_2_o_01 (df/count[31]_GND_3_o_equal_2_o_0)
     FDR:R                     0.494          df/count_1
    ----------------------------------------
    Total                      2.004ns (0.619ns logic, 1.385ns route)
                                       (30.9% logic, 69.1% route)

=========================================================================
Timing constraint: Default OFFSET OUT AFTER for Clock 'clk'
  Total number of paths / destination ports: 2 / 2
-------------------------------------------------------------------------
Offset:              0.877ns (Levels of Logic = 1)
  Source:            df/led (FF)
  Destination:       ledres (PAD)
  Source Clock:      clk rising

  Data Path: df/led to ledres
                                Gate     Net
    Cell:in->out      fanout   Delay   Delay  Logical Name (Net Name)
    ----------------------------------------  ------------
     FD:C->Q               1   0.478   0.399  df/led (df/led)
     OBUF:I->O                 0.000          ledres_OBUF (ledres)
    ----------------------------------------
    Total                      0.877ns (0.478ns logic, 0.399ns route)
                                       (54.5% logic, 45.5% route)

=========================================================================

Cross Clock Domains Report:
--------------------------

Clock to Setup on destination clock clk
---------------+---------+---------+---------+---------+
               | Src:Rise| Src:Fall| Src:Rise| Src:Fall|
Source Clock   |Dest:Rise|Dest:Rise|Dest:Fall|Dest:Fall|
---------------+---------+---------+---------+---------+
clk            |    2.688|         |         |         |
---------------+---------+---------+---------+---------+

=========================================================================


Total REAL time to Xst completion: 67.00 secs
Total CPU time to Xst completion: 64.95 secs
 
--> 


Total memory usage is 504428 kilobytes

Number of errors   :    0 (   0 filtered)
Number of warnings :   42 (   0 filtered)
Number of infos    :    2 (   0 filtered)

