Release 14.7 - xst P.20131013 (lin64)
Copyright (c) 1995-2013 Xilinx, Inc.  All rights reserved.
--> 

TABLE OF CONTENTS
  1) Synthesis Options Summary
  2) HDL Parsing
  3) HDL Elaboration
  4) HDL Synthesis
       4.1) HDL Synthesis Report
  5) Advanced HDL Synthesis
       5.1) Advanced HDL Synthesis Report
  6) Low Level Synthesis
  7) Partition Report
  8) Design Summary
       8.1) Primitive and Black Box Usage
       8.2) Device utilization summary
       8.3) Partition Resource Summary
       8.4) Timing Report
            8.4.1) Clock Information
            8.4.2) Asynchronous Control Signals Information
            8.4.3) Timing Summary
            8.4.4) Timing Details
            8.4.5) Cross Clock Domains Report


=========================================================================
*                      Synthesis Options Summary                        *
=========================================================================
---- Source Parameters
Input File Name                    : "project.src"
Input Format                       : mixed

---- Target Parameters
Target Device                      : xc7a100t-1csg324
Output File Name                   : "project.ngc"
Output Format                      : NGC

---- Source Options
Top Module Name                    : transmision

---- General Options
Optimization Goal                  : Area
Optimization Effort                : 1
RTL Output                         : yes

=========================================================================


=========================================================================
*                          HDL Parsing                                  *
=========================================================================
Analyzing Verilog file "/home/camila/Documentos/Proy.DigI/Códigos PD/transmision.v" into library wor
Parsing module <transmision>.

=========================================================================
*                            HDL Elaboration                            *
=========================================================================

Elaborating module <transmision>.
WARNING:HDLCompiler:413 - "/home/camila/Documentos/Proy.DigI/C  digos PD/transmision.v" Line 43: Result of 4-bit expression is truncated to fit in 3-bit target.

=========================================================================
*                           HDL Synthesis                               *
=========================================================================

Synthesizing Unit <transmision>.
    Related source file is "/home/camila/Documentos/Proy.DigI/Códigos PD/transmision.v"
        count = 8
        STATE_IDLE = 2'b00
        STATE_START = 2'b01
        STATE_DATA = 2'b10
        STATE_STOP = 2'b11
    Found 2-bit register for signal <state>.
    Found 3-bit register for signal <bitpos>.
    Found 8-bit register for signal <data>.
    Found 1-bit register for signal <tx>.
    Found finite state machine <FSM_0> for signal <state>.
    -----------------------------------------------------------------------
    | States             | 4                                              |
    | Transitions        | 9                                              |
    | Inputs             | 3                                              |
    | Outputs            | 4                                              |
    | Clock              | clk_in (rising_edge)                           |
    | Power Up State     | 00                                             |
    | Encoding           | auto                                           |
    | Implementation     | LUT                                            |
    -----------------------------------------------------------------------
    Found 3-bit adder for signal <bitpos[2]_GND_1_o_add_8_OUT> created at line 43.
    Found 1-bit 8-to-1 multiplexer for signal <bitpos[2]_data[7]_Mux_7_o> created at line 42.
    Summary:
	inferred   1 Adder/Subtractor(s).
	inferred  12 D-type flip-flop(s).
	inferred   4 Multiplexer(s).
	inferred   1 Finite State Machine(s).
Unit <transmision> synthesized.

=========================================================================
HDL Synthesis Report

Macro Statistics
# Adders/Subtractors                                   : 1
 3-bit adder                                           : 1
# Registers                                            : 3
 1-bit register                                        : 1
 3-bit register                                        : 1
 8-bit register                                        : 1
# Multiplexers                                         : 4
 1-bit 2-to-1 multiplexer                              : 2
 1-bit 8-to-1 multiplexer                              : 1
 3-bit 2-to-1 multiplexer                              : 1
# FSMs                                                 : 1

=========================================================================

=========================================================================
*                       Advanced HDL Synthesis                          *
=========================================================================


Synthesizing (advanced) Unit <transmision>.
The following registers are absorbed into counter <bitpos>: 1 register on signal <bitpos>.
Unit <transmision> synthesized (advanced).

=========================================================================
Advanced HDL Synthesis Report

Macro Statistics
# Counters                                             : 1
 3-bit up counter                                      : 1
# Registers                                            : 9
 Flip-Flops                                            : 9
# Multiplexers                                         : 3
 1-bit 2-to-1 multiplexer                              : 2
 1-bit 8-to-1 multiplexer                              : 1
# FSMs                                                 : 1

=========================================================================

=========================================================================
*                         Low Level Synthesis                           *
=========================================================================
Analyzing FSM <MFsm> for best encoding.
Optimizing FSM <FSM_0> on signal <state[1:2]> with gray encoding.
-------------------
 State | Encoding
-------------------
 00    | 00
 01    | 01
 10    | 11
 11    | 10
-------------------

Optimizing unit <transmision> ...

Mapping all equations...
Building and optimizing final netlist ...
Found area constraint ratio of 100 (+ 0) on block transmision, actual ratio is 0.

Final Macro Processing ...

=========================================================================
Final Register Report

Macro Statistics
# Registers                                            : 14
 Flip-Flops                                            : 14

=========================================================================

=========================================================================
*                           Partition Report                            *
=========================================================================

Partition Implementation Status
-------------------------------

  No Partitions were found in this design.

-------------------------------

=========================================================================
*                            Design Summary                             *
=========================================================================

Top Level Output File Name         : project.ngc

Primitive and Black Box Usage:
------------------------------
# BELS                             : 14
#      LUT2                        : 3
#      LUT3                        : 5
#      LUT4                        : 1
#      LUT5                        : 3
#      LUT6                        : 2
# FlipFlops/Latches                : 14
#      FD                          : 2
#      FDE                         : 12
# Clock Buffers                    : 1
#      BUFGP                       : 1
# IO Buffers                       : 13
#      IBUF                        : 10
#      OBUF                        : 3

Device utilization summary:
---------------------------

Selected Device : 7a100tcsg324-1 


Slice Logic Utilization: 
 Number of Slice Registers:               5  out of  126800     0%  
 Number of Slice LUTs:                   14  out of  63400     0%  
    Number used as Logic:                14  out of  63400     0%  

Slice Logic Distribution: 
 Number of LUT Flip Flop pairs used:     14
   Number with an unused Flip Flop:       9  out of     14    64%  
   Number with an unused LUT:             0  out of     14     0%  
   Number of fully used LUT-FF pairs:     5  out of     14    35%  
   Number of unique control sets:         4

IO Utilization: 
 Number of IOs:                          14
 Number of bonded IOBs:                  14  out of    210     6%  
    IOB Flip Flops/Latches:               9

Specific Feature Utilization:
 Number of BUFG/BUFGCTRLs:                1  out of     32     3%  

---------------------------
Partition Resource Summary:
---------------------------

  No Partitions were found in this design.

---------------------------


=========================================================================
Timing Report

NOTE: THESE TIMING NUMBERS ARE ONLY A SYNTHESIS ESTIMATE.
      FOR ACCURATE TIMING INFORMATION PLEASE REFER TO THE TRACE REPORT
      GENERATED AFTER PLACE-and-ROUTE.

Clock Information:
------------------
-----------------------------------+------------------------+-------+
Clock Signal                       | Clock buffer(FF name)  | Load  |
-----------------------------------+------------------------+-------+
clk_in                             | BUFGP                  | 14    |
-----------------------------------+------------------------+-------+

Asynchronous Control Signals Information:
----------------------------------------
No asynchronous control signals found in this design

Timing Summary:
---------------
Speed Grade: -1

   Minimum period: 2.454ns (Maximum Frequency: 407.498MHz)
   Minimum input arrival time before clock: 1.616ns
   Maximum output required time after clock: 1.603ns
   Maximum combinational path delay: No path found

Timing Details:
---------------
All values displayed in nanoseconds (ns)

=========================================================================
Timing constraint: Default period analysis for Clock 'clk_in'
  Clock period: 2.454ns (frequency: 407.498MHz)
  Total number of paths / destination ports: 64 / 18
-------------------------------------------------------------------------
Delay:               2.454ns (Levels of Logic = 2)
  Source:            bitpos_0 (FF)
  Destination:       bitpos_0 (FF)
  Source Clock:      clk_in rising
  Destination Clock: clk_in rising

  Data Path: bitpos_0 to bitpos_0
                                Gate     Net
    Cell:in->out      fanout   Delay   Delay  Logical Name (Net Name)
    ----------------------------------------  ------------
     FDE:C->Q              6   0.478   0.749  bitpos_0 (bitpos_0)
     LUT3:I0->O            2   0.124   0.427  _n0070_inv11 (_n0070_inv1)
     LUT5:I4->O            3   0.124   0.413  _n0070_inv1 (_n0070_inv)
     FDE:CE                    0.139          bitpos_0
    ----------------------------------------
    Total                      2.454ns (0.865ns logic, 1.589ns route)
                                       (35.2% logic, 64.8% route)

=========================================================================
Timing constraint: Default OFFSET IN BEFORE for Clock 'clk_in'
  Total number of paths / destination ports: 26 / 22
-------------------------------------------------------------------------
Offset:              1.616ns (Levels of Logic = 2)
  Source:            clk_div (PAD)
  Destination:       bitpos_0 (FF)
  Destination Clock: clk_in rising

  Data Path: clk_div to bitpos_0
                                Gate     Net
    Cell:in->out      fanout   Delay   Delay  Logical Name (Net Name)
    ----------------------------------------  ------------
     IBUF:I->O             4   0.001   0.939  clk_div_IBUF (clk_div_IBUF)
     LUT5:I0->O            3   0.124   0.413  _n0070_inv1 (_n0070_inv)
     FDE:CE                    0.139          bitpos_0
    ----------------------------------------
    Total                      1.616ns (0.264ns logic, 1.352ns route)
                                       (16.3% logic, 83.7% route)

=========================================================================
Timing constraint: Default OFFSET OUT AFTER for Clock 'clk_in'
  Total number of paths / destination ports: 5 / 3
-------------------------------------------------------------------------
Offset:              1.603ns (Levels of Logic = 2)
  Source:            state_FSM_FFd1 (FF)
  Destination:       busy (PAD)
  Source Clock:      clk_in rising

  Data Path: state_FSM_FFd1 to busy
                                Gate     Net
    Cell:in->out      fanout   Delay   Delay  Logical Name (Net Name)
    ----------------------------------------  ------------
     FD:C->Q              11   0.478   0.602  state_FSM_FFd1 (state_FSM_FFd1)
     LUT2:I0->O            1   0.124   0.399  busy1 (busy_OBUF)
     OBUF:I->O                 0.000          busy_OBUF (busy)
    ----------------------------------------
    Total                      1.603ns (0.602ns logic, 1.001ns route)
                                       (37.6% logic, 62.4% route)

=========================================================================

Cross Clock Domains Report:
--------------------------

Clock to Setup on destination clock clk_in
---------------+---------+---------+---------+---------+
               | Src:Rise| Src:Fall| Src:Rise| Src:Fall|
Source Clock   |Dest:Rise|Dest:Rise|Dest:Fall|Dest:Fall|
---------------+---------+---------+---------+---------+
clk_in         |    2.454|         |         |         |
---------------+---------+---------+---------+---------+

=========================================================================


Total REAL time to Xst completion: 10.00 secs
Total CPU time to Xst completion: 7.18 secs
 
--> 


Total memory usage is 504272 kilobytes

Number of errors   :    0 (   0 filtered)
Number of warnings :    1 (   0 filtered)
Number of infos    :    0 (   0 filtered)

