Analysis & Synthesis report for space-invaders-vhdl-master
Sun Jul 28 18:08:44 2019
Quartus Prime Version 18.1.0 Build 625 09/12/2018 SJ Lite Edition


---------------------
; Table of Contents ;
---------------------
  1. Legal Notice
  2. Analysis & Synthesis Summary
  3. Analysis & Synthesis Settings
  4. Parallel Compilation
  5. Analysis & Synthesis Messages



----------------
; Legal Notice ;
----------------
Copyright (C) 2018  Intel Corporation. All rights reserved.
Your use of Intel Corporation's design tools, logic functions 
and other software and tools, and its AMPP partner logic 
functions, and any output files from any of the foregoing 
(including device programming or simulation files), and any 
associated documentation or information are expressly subject 
to the terms and conditions of the Intel Program License 
Subscription Agreement, the Intel Quartus Prime License Agreement,
the Intel FPGA IP License Agreement, or other applicable license
agreement, including, without limitation, that your use is for
the sole purpose of programming logic devices manufactured by
Intel and sold by Intel or its authorized distributors.  Please
refer to the applicable agreement for further details.



+----------------------------------------------------------------------------------+
; Analysis & Synthesis Summary                                                     ;
+------------------------------------+---------------------------------------------+
; Analysis & Synthesis Status        ; Failed - Sun Jul 28 18:08:44 2019           ;
; Quartus Prime Version              ; 18.1.0 Build 625 09/12/2018 SJ Lite Edition ;
; Revision Name                      ; space-invaders-vhdl-master                  ;
; Top-level Entity Name              ; TopModule                                   ;
; Family                             ; Cyclone IV E                                ;
; Total logic elements               ; N/A until Partition Merge                   ;
;     Total combinational functions  ; N/A until Partition Merge                   ;
;     Dedicated logic registers      ; N/A until Partition Merge                   ;
; Total registers                    ; N/A until Partition Merge                   ;
; Total pins                         ; N/A until Partition Merge                   ;
; Total virtual pins                 ; N/A until Partition Merge                   ;
; Total memory bits                  ; N/A until Partition Merge                   ;
; Embedded Multiplier 9-bit elements ; N/A until Partition Merge                   ;
; Total PLLs                         ; N/A until Partition Merge                   ;
+------------------------------------+---------------------------------------------+


+--------------------------------------------------------------------------------------------------------------------+
; Analysis & Synthesis Settings                                                                                      ;
+------------------------------------------------------------------+--------------------+----------------------------+
; Option                                                           ; Setting            ; Default Value              ;
+------------------------------------------------------------------+--------------------+----------------------------+
; Device                                                           ; EP4CE6E22C6        ;                            ;
; Top-level entity name                                            ; TopModule          ; space-invaders-vhdl-master ;
; Family name                                                      ; Cyclone IV E       ; Cyclone V                  ;
; Use smart compilation                                            ; Off                ; Off                        ;
; Enable parallel Assembler and Timing Analyzer during compilation ; On                 ; On                         ;
; Enable compact report table                                      ; Off                ; Off                        ;
; Restructure Multiplexers                                         ; Auto               ; Auto                       ;
; Create Debugging Nodes for IP Cores                              ; Off                ; Off                        ;
; Preserve fewer node names                                        ; On                 ; On                         ;
; Intel FPGA IP Evaluation Mode                                    ; Enable             ; Enable                     ;
; Verilog Version                                                  ; Verilog_2001       ; Verilog_2001               ;
; VHDL Version                                                     ; VHDL_1993          ; VHDL_1993                  ;
; State Machine Processing                                         ; Auto               ; Auto                       ;
; Safe State Machine                                               ; Off                ; Off                        ;
; Extract Verilog State Machines                                   ; On                 ; On                         ;
; Extract VHDL State Machines                                      ; On                 ; On                         ;
; Ignore Verilog initial constructs                                ; Off                ; Off                        ;
; Iteration limit for constant Verilog loops                       ; 5000               ; 5000                       ;
; Iteration limit for non-constant Verilog loops                   ; 250                ; 250                        ;
; Add Pass-Through Logic to Inferred RAMs                          ; On                 ; On                         ;
; Infer RAMs from Raw Logic                                        ; On                 ; On                         ;
; Parallel Synthesis                                               ; On                 ; On                         ;
; DSP Block Balancing                                              ; Auto               ; Auto                       ;
; NOT Gate Push-Back                                               ; On                 ; On                         ;
; Power-Up Don't Care                                              ; On                 ; On                         ;
; Remove Redundant Logic Cells                                     ; Off                ; Off                        ;
; Remove Duplicate Registers                                       ; On                 ; On                         ;
; Ignore CARRY Buffers                                             ; Off                ; Off                        ;
; Ignore CASCADE Buffers                                           ; Off                ; Off                        ;
; Ignore GLOBAL Buffers                                            ; Off                ; Off                        ;
; Ignore ROW GLOBAL Buffers                                        ; Off                ; Off                        ;
; Ignore LCELL Buffers                                             ; Off                ; Off                        ;
; Ignore SOFT Buffers                                              ; On                 ; On                         ;
; Limit AHDL Integers to 32 Bits                                   ; Off                ; Off                        ;
; Optimization Technique                                           ; Balanced           ; Balanced                   ;
; Carry Chain Length                                               ; 70                 ; 70                         ;
; Auto Carry Chains                                                ; On                 ; On                         ;
; Auto Open-Drain Pins                                             ; On                 ; On                         ;
; Perform WYSIWYG Primitive Resynthesis                            ; Off                ; Off                        ;
; Auto ROM Replacement                                             ; On                 ; On                         ;
; Auto RAM Replacement                                             ; On                 ; On                         ;
; Auto DSP Block Replacement                                       ; On                 ; On                         ;
; Auto Shift Register Replacement                                  ; Auto               ; Auto                       ;
; Allow Shift Register Merging across Hierarchies                  ; Auto               ; Auto                       ;
; Auto Clock Enable Replacement                                    ; On                 ; On                         ;
; Strict RAM Replacement                                           ; Off                ; Off                        ;
; Allow Synchronous Control Signals                                ; On                 ; On                         ;
; Force Use of Synchronous Clear Signals                           ; Off                ; Off                        ;
; Auto RAM Block Balancing                                         ; On                 ; On                         ;
; Auto RAM to Logic Cell Conversion                                ; Off                ; Off                        ;
; Auto Resource Sharing                                            ; Off                ; Off                        ;
; Allow Any RAM Size For Recognition                               ; Off                ; Off                        ;
; Allow Any ROM Size For Recognition                               ; Off                ; Off                        ;
; Allow Any Shift Register Size For Recognition                    ; Off                ; Off                        ;
; Use LogicLock Constraints during Resource Balancing              ; On                 ; On                         ;
; Ignore translate_off and synthesis_off directives                ; Off                ; Off                        ;
; Timing-Driven Synthesis                                          ; On                 ; On                         ;
; Report Parameter Settings                                        ; On                 ; On                         ;
; Report Source Assignments                                        ; On                 ; On                         ;
; Report Connectivity Checks                                       ; On                 ; On                         ;
; Ignore Maximum Fan-Out Assignments                               ; Off                ; Off                        ;
; Synchronization Register Chain Length                            ; 2                  ; 2                          ;
; Power Optimization During Synthesis                              ; Normal compilation ; Normal compilation         ;
; HDL message level                                                ; Level2             ; Level2                     ;
; Suppress Register Optimization Related Messages                  ; Off                ; Off                        ;
; Number of Removed Registers Reported in Synthesis Report         ; 5000               ; 5000                       ;
; Number of Swept Nodes Reported in Synthesis Report               ; 5000               ; 5000                       ;
; Number of Inverted Registers Reported in Synthesis Report        ; 100                ; 100                        ;
; Clock MUX Protection                                             ; On                 ; On                         ;
; Auto Gated Clock Conversion                                      ; Off                ; Off                        ;
; Block Design Naming                                              ; Auto               ; Auto                       ;
; SDC constraint protection                                        ; Off                ; Off                        ;
; Synthesis Effort                                                 ; Auto               ; Auto                       ;
; Shift Register Replacement - Allow Asynchronous Clear Signal     ; On                 ; On                         ;
; Pre-Mapping Resynthesis Optimization                             ; Off                ; Off                        ;
; Analysis & Synthesis Message Level                               ; Medium             ; Medium                     ;
; Disable Register Merging Across Hierarchies                      ; Auto               ; Auto                       ;
; Resource Aware Inference For Block RAM                           ; On                 ; On                         ;
+------------------------------------------------------------------+--------------------+----------------------------+


+------------------------------------------+
; Parallel Compilation                     ;
+----------------------------+-------------+
; Processors                 ; Number      ;
+----------------------------+-------------+
; Number detected on machine ; 8           ;
; Maximum allowed            ; 4           ;
;                            ;             ;
; Average used               ; 1.00        ;
; Maximum used               ; 1           ;
;                            ;             ;
; Usage by Processor         ; % Time Used ;
;     Processor 1            ; 100.0%      ;
+----------------------------+-------------+


+-------------------------------+
; Analysis & Synthesis Messages ;
+-------------------------------+
Info: *******************************************************************
Info: Running Quartus Prime Analysis & Synthesis
    Info: Version 18.1.0 Build 625 09/12/2018 SJ Lite Edition
    Info: Processing started: Sun Jul 28 18:08:30 2019
Info: Command: quartus_map --read_settings_files=on --write_settings_files=off space-invaders-vhdl-master -c space-invaders-vhdl-master
Warning (18236): Number of processors has not been specified which may cause overloading on shared machines.  Set the global assignment NUM_PARALLEL_PROCESSORS in your QSF to an appropriate value for best performance.
Info (20030): Parallel compilation is enabled and will use 4 of the 4 processors detected
Info (12021): Found 2 design units, including 1 entities, in source file videomemory.vhd
    Info (12022): Found design unit 1: VideoMemory-Behavioral File: C:/Users/HPz420/Documents/GitHub/FPGA_Games/space-invaders-vhdl-master/VideoMemory.vhd Line: 15
    Info (12023): Found entity 1: VideoMemory File: C:/Users/HPz420/Documents/GitHub/FPGA_Games/space-invaders-vhdl-master/VideoMemory.vhd Line: 5
Info (12021): Found 2 design units, including 1 entities, in source file vgapixeldriver.vhd
    Info (12022): Found design unit 1: VGAPixelDriver-behavioral File: C:/Users/HPz420/Documents/GitHub/FPGA_Games/space-invaders-vhdl-master/VGAPixelDriver.vhd Line: 13
    Info (12023): Found entity 1: VGAPixelDriver File: C:/Users/HPz420/Documents/GitHub/FPGA_Games/space-invaders-vhdl-master/VGAPixelDriver.vhd Line: 5
Info (12021): Found 2 design units, including 1 entities, in source file topmodule.vhd
    Info (12022): Found design unit 1: TopModule-Behavioral File: C:/Users/HPz420/Documents/GitHub/FPGA_Games/space-invaders-vhdl-master/TopModule.vhd Line: 12
    Info (12023): Found entity 1: TopModule File: C:/Users/HPz420/Documents/GitHub/FPGA_Games/space-invaders-vhdl-master/TopModule.vhd Line: 4
Info (12021): Found 2 design units, including 1 entities, in source file ps2_keyboard.vhd
    Info (12022): Found design unit 1: ps2_keyboard-Behavioral File: C:/Users/HPz420/Documents/GitHub/FPGA_Games/space-invaders-vhdl-master/ps2_keyboard.vhd Line: 16
    Info (12023): Found entity 1: ps2_keyboard File: C:/Users/HPz420/Documents/GitHub/FPGA_Games/space-invaders-vhdl-master/ps2_keyboard.vhd Line: 4
Info (12021): Found 2 design units, including 1 entities, in source file debounce.vhd
    Info (12022): Found design unit 1: debounce-Behavioral File: C:/Users/HPz420/Documents/GitHub/FPGA_Games/space-invaders-vhdl-master/debounce.vhd Line: 14
    Info (12023): Found entity 1: debounce File: C:/Users/HPz420/Documents/GitHub/FPGA_Games/space-invaders-vhdl-master/debounce.vhd Line: 5
Info (12127): Elaborating entity "TopModule" for the top level hierarchy
Info (12128): Elaborating entity "VGAPixelDriver" for hierarchy "VGAPixelDriver:pixel_driver" File: C:/Users/HPz420/Documents/GitHub/FPGA_Games/space-invaders-vhdl-master/TopModule.vhd Line: 52
Info (12128): Elaborating entity "VideoMemory" for hierarchy "VideoMemory:video_memory" File: C:/Users/HPz420/Documents/GitHub/FPGA_Games/space-invaders-vhdl-master/TopModule.vhd Line: 67
Error (10324): VHDL Expression error at VideoMemory.vhd(348): expression ""000000000000000000000000000000000000000000000000000000000000000000000000000000000000000000000000000000000000000000000000000000000000000000000000000000000000000000000011111111111111111111111010000000000000000000000000000000000000000000000000000000000000000000000000000000000000000000000000000000000000000000000000000000000000000000000000000000000000000000000000000000000000000000000000000000000000000000000000000000000000000000000000000000000000000000000000000000000000000000000000000000000000000000000000000000000000000000000000000000000000000000000000000000000000000000000000000000000000000000000000000000000000000000000000000000000000000"" has 639 elements ; expected 640 elements. File: C:/Users/HPz420/Documents/GitHub/FPGA_Games/space-invaders-vhdl-master/VideoMemory.vhd Line: 348
Error (12152): Can't elaborate user hierarchy "VideoMemory:video_memory" File: C:/Users/HPz420/Documents/GitHub/FPGA_Games/space-invaders-vhdl-master/TopModule.vhd Line: 67
Error: Quartus Prime Analysis & Synthesis was unsuccessful. 2 errors, 1 warning
    Error: Peak virtual memory: 4806 megabytes
    Error: Processing ended: Sun Jul 28 18:08:44 2019
    Error: Elapsed time: 00:00:14
    Error: Total CPU time (on all processors): 00:00:28


